Unity Editor version:    2020.3.27f1 (e759542391ea)
Branch:                  2020.3/release
Build type:              Release
Batch mode:              YES
macOS version:           Version 13.5.1 (Build 22G90)
Darwin version:          22.6.0
Architecture:            x86_64
Running under Rosetta:   NO
Available memory:        16384 MB
Using pre-set license
Pro License: NO

COMMAND LINE ARGUMENTS:
/Applications/2020.3.27f1/Unity.app/Contents/MacOS/Unity
-adb2
-batchMode
-noUpm
-name
AssetImportWorker0
-projectPath
/Users/computerscience/Documents/GitHub/Seal-Team-26
-logFile
Logs/AssetImportWorker0.log
-srvPort
50325
Successfully changed project path to: /Users/computerscience/Documents/GitHub/Seal-Team-26
Could not lock editor preferences. Preferences updates for this instance of Unity will not be saved./Users/computerscience/Documents/GitHub/Seal-Team-26
Using Asset Import Pipeline V2.
Refreshing native plugins compatible for Editor in 121.94 ms, found 1 plugins.
Preloading 0 native plugins for Editor in 0.00 ms.
Initialize engine version: 2020.3.27f1 (e759542391ea)
[Subsystems] Discovering subsystems at path /Applications/2020.3.27f1/Unity.app/Contents/Resources/UnitySubsystems
[Subsystems] Discovering subsystems at path /Users/computerscience/Documents/GitHub/Seal-Team-26/Assets
GfxDevice: creating device client; threaded=0
2023-10-06 13:49:53.938 Unity[61352:2032804] iMac preferred device: AMD Radeon Pro 5500 XT (high power)
2023-10-06 13:49:53.938 Unity[61352:2032804] Metal devices available: 1
2023-10-06 13:49:53.938 Unity[61352:2032804] 0: AMD Radeon Pro 5500 XT (high power)
2023-10-06 13:49:53.939 Unity[61352:2032804] Using device AMD Radeon Pro 5500 XT (high power)
Initializing Metal device caps: AMD Radeon Pro 5500 XT
Initialize mono
Mono path[0] = '/Applications/2020.3.27f1/Unity.app/Contents/Managed'
Mono path[1] = '/Applications/2020.3.27f1/Unity.app/Contents/MonoBleedingEdge/lib/mono/unityjit'
Mono config path = '/Applications/2020.3.27f1/Unity.app/Contents/MonoBleedingEdge/etc'
Using monoOptions --debugger-agent=transport=dt_socket,embedding=1,server=y,suspend=n,address=127.0.0.1:56352
Begin MonoManager ReloadAssembly
Registering precompiled unity dll's ...
Register platform support module: /Applications/2020.3.27f1/Unity.app/Contents/PlaybackEngines/MacStandaloneSupport/UnityEditor.OSXStandalone.Extensions.dll
Registered in 0.001527 seconds.
Native extension for OSXStandalone target not found
Refreshing native plugins compatible for Editor in 40.22 ms, found 1 plugins.
Preloading 0 native plugins for Editor in 0.00 ms.
Mono: successfully reloaded assembly
- Completed reload, in  0.548 seconds
Domain Reload Profiling:
	ReloadAssembly (548ms)
		BeginReloadAssembly (78ms)
			ExecutionOrderSort (0ms)
			DisableScriptedObjects (0ms)
			BackupInstance (0ms)
			ReleaseScriptingObjects (0ms)
			CreateAndSetChildDomain (1ms)
		EndReloadAssembly (409ms)
			LoadAssemblies (79ms)
			RebuildTransferFunctionScriptingTraits (0ms)
			SetupTypeCache (147ms)
			ReleaseScriptCaches (0ms)
			RebuildScriptCaches (29ms)
			SetupLoadedEditorAssemblies (162ms)
				LogAssemblyErrors (0ms)
				InitializePlatformSupportModulesInManaged (3ms)
				SetLoadedEditorAssemblies (0ms)
				RefreshPlugins (42ms)
				BeforeProcessingInitializeOnLoad (7ms)
				ProcessInitializeOnLoadAttributes (85ms)
				ProcessInitializeOnLoadMethodAttributes (25ms)
				AfterProcessingInitializeOnLoad (0ms)
				EditorAssembliesLoaded (0ms)
			ExecutionOrderSort2 (0ms)
			AwakeInstancesAfterBackupRestoration (0ms)
Platform modules already initialized, skipping
Registering precompiled user dll's ...
Registered in 0.000456 seconds.
Required property 'name' not set (Packages/com.unity.ads/Tests/Editor/Advertisement/UnityEngine.Advertisements.Editor.Tests.asmdef)
Required property 'name' not set (Packages/com.unity.purchasing/Runtime/Common/Purchasing.Common.asmdef)
Required property 'name' not set (Packages/com.unity.ide.vscode/Editor/Unity.com.unity.vscode.Editor.asmdef)
Required property 'name' not set (Packages/com.unity.2d.tilemap/Editor/Unity.2D.Tilemap.Editor.asmdef)
Required property 'name' not set (Packages/com.unity.xr.legacyinputhelpers/Tests/Editor/LegacyInputHelpersEditorTests.asmdef)
Required property 'name' not set (Packages/com.unity.purchasing/Runtime/Purchasing/UnityEngine.Purchasing.asmdef)
Required property 'name' not set (Packages/com.unity.purchasing/Runtime/WinRTCore/UnityEngine.Purchasing.WinRTCore.asmdef)
Required property 'name' not set (Packages/com.unity.settings-manager/Tests/Editor/Unity.Settings.Editor.Tests.asmdef)
Required property 'name' not set (Packages/com.unity.textmeshpro/Scripts/Editor/Unity.TextMeshPro.Editor.asmdef)
Required property 'name' not set (Packages/com.unity.ide.visualstudio/Editor/com.unity.ide.visualstudio.asmdef)
Required property 'name' not set (Packages/com.unity.purchasing/Runtime/AppleMacosStub/UnityEngine.Purchasing.AppleMacosStub.asmdef)
Required property 'name' not set (Packages/com.unity.probuilder/Addons/Unity.ProBuilder.AddOns.Editor.asmdef)
Required property 'name' not set (Packages/com.unity.2d.tilemap/Tests/Editor/Unity.2D.Tilemap.Package.EditorTests.asmdef)
Required property 'name' not set (Packages/com.unity.test-framework/UnityEngine.TestRunner/UnityEngine.TestRunner.asmdef)
Required property 'name' not set (Packages/com.unity.purchasing/Runtime/AppleMacos/UnityEngine.Purchasing.AppleMacos.asmdef)
Required property 'name' not set (Packages/com.unity.ugui/Tests/Runtime/UnityEngine.UI.Tests.asmdef)
Required property 'name' not set (Packages/com.unity.timeline/Runtime/Unity.Timeline.asmdef)
Required property 'name' not set (Packages/com.unity.textmeshpro/Scripts/Runtime/Unity.TextMeshPro.asmdef)
Required property 'name' not set (Packages/com.unity.purchasing/Runtime/SecurityStub/UnityEngine.Purchasing.SecurityStub.asmdef)
Required property 'name' not set (Packages/com.unity.textmeshpro/Tests/Editor/Unity.TextMeshPro.Editor.Tests.asmdef)
Required property 'name' not set (Packages/com.unity.test-framework/UnityEditor.TestRunner/UnityEditor.TestRunner.asmdef)
Required property 'name' not set (Packages/com.unity.probuilder/External/CSG/Unity.ProBuilder.Csg.asmdef)
Required property 'name' not set (Packages/com.unity.ads/Runtime/Advertisement/UnityEngine.Advertisements.asmdef)
Required property 'name' not set (Packages/com.unity.2d.sprite/Editor/Unity.2D.Sprite.Editor.asmdef)
Required property 'name' not set (Packages/com.unity.probuilder/Runtime/Unity.ProBuilder.asmdef)
Required property 'name' not set (Packages/com.unity.probuilder/Editor/Unity.ProBuilder.Editor.asmdef)
Required property 'name' not set (Packages/com.unity.ugui/Editor/UnityEditor.UI.asmdef)
Required property 'name' not set (Packages/com.unity.collab-proxy/Editor/PlasticSCM/Unity.PlasticSCM.Editor.asmdef)
Required property 'name' not set (Packages/com.unity.timeline/DocCodeExamples/DocCodeExamples.asmdef)
Required property 'name' not set (Packages/com.unity.ide.rider/Rider/Editor/com.unity.ide.rider.asmdef)
Required property 'name' not set (Packages/com.unity.analytics/Editor/Analytics.asmdef)
Required property 'name' not set (Packages/com.unity.2d.sprite/Tests/Editor/Unity.2D.Sprite.Package.EditorTests.asmdef)
Required property 'name' not set (Packages/com.unity.xr.legacyinputhelpers/Runtime/TrackedPoseDriver/UnityEngine.SpatialTracking.asmdef)
Required property 'name' not set (Packages/com.unity.purchasing/Runtime/Security/UnityEngine.Purchasing.Security.asmdef)
Required property 'name' not set (Packages/com.unity.polybrush/Editor/Unity.Polybrush.Editor.asmdef)
Required property 'name' not set (Packages/com.unity.probuilder/External/Poly2Tri/Unity.ProBuilder.Poly2Tri.asmdef)
Required property 'name' not set (Packages/com.unity.ugui/Runtime/UnityEngine.UI.asmdef)
Required property 'name' not set (Packages/com.unity.purchasing/Runtime/WinRTStub/UnityEngine.Purchasing.WinRTStub.asmdef)
Required property 'name' not set (Packages/com.unity.purchasing/Runtime/AppleCore/UnityEngine.Purchasing.AppleCore.asmdef)
Required property 'name' not set (Packages/com.unity.polybrush/Runtime/Unity.Polybrush.asmdef)
Required property 'name' not set (Packages/com.unity.polybrush/Tests/Editor/Unity.Polybrush.Editor.Tests.asmdef)
Required property 'name' not set (Packages/com.unity.analytics/Tests/Editor/Unity.Analytics.StandardEvents.EditorTests.asmdef)
Required property 'name' not set (Packages/com.unity.probuilder/External/KdTree/Unity.ProBuilder.KdTree.asmdef)
Required property 'name' not set (Packages/com.unity.analytics/DataPrivacy/Unity.Analytics.DataPrivacy.asmdef)
Required property 'name' not set (Packages/com.unity.services.core/Editor/Core/Unity.Services.Core.Editor.asmdef)
Required property 'name' not set (Packages/com.unity.ads/Tests/Editor/Monetization/UnityEngine.Monetization.Editor.Tests.asmdef)
Required property 'name' not set (Packages/com.unity.purchasing/Runtime/SecurityCore/UnityEngine.Purchasing.SecurityCore.asmdef)
Required property 'name' not set (Packages/com.unity.textmeshpro/Tests/Runtime/Unity.TextMeshPro.Tests.asmdef)
Required property 'name' not set (Packages/com.unity.probuilder/AssetIdRemapUtility/Editor/Unity.ProBuilder.AssetIdRemapUtility.asmdef)
Required property 'name' not set (Packages/com.unity.purchasing/Runtime/Codeless/UnityEngine.Purchasing.Codeless.asmdef)
Required property 'name' not set (Packages/com.unity.xr.legacyinputhelpers/Runtime/LegacyInputHelpers.asmdef)
Required property 'name' not set (Packages/com.unity.probuilder/External/StlExporter/Unity.ProBuilder.Stl.asmdef)
Required property 'name' not set (Packages/com.unity.settings-manager/Editor/Unity.Settings.Editor.asmdef)
Required property 'name' not set (Packages/com.unity.timeline/Editor/Unity.Timeline.Editor.asmdef)
Required property 'name' not set (Packages/com.unity.purchasing/Runtime/Stores/UnityEngine.Purchasing.Stores.asmdef)
Required property 'name' not set (Packages/com.unity.xr.legacyinputhelpers/Editor/LegacyInputHelpersEditor.asmdef)
Required property 'name' not set (Packages/com.unity.collab-proxy/Editor/Collaborate/Unity.CollabProxy.Editor.asmdef)
Required property 'name' not set (Packages/com.unity.collab-proxy/Tests/Editor/Collaborate/Unity.CollabProxy.EditorTests.asmdef)
Required property 'name' not set (Packages/com.unity.ads/Runtime/Monetization/UnityEngine.Monetization.asmdef)
Required property 'name' not set (Packages/com.unity.ugui/Tests/Editor/UnityEditor.UI.EditorTests.asmdef)
Required property 'name' not set (Packages/com.unity.analytics/Tests/Runtime/Unity.Analytics.DataPrivacy.Tests.asmdef)
Required property 'name' not set (Packages/com.unity.purchasing/Runtime/WinRT/UnityEngine.Purchasing.WinRT.asmdef)
Required property 'name' not set (Packages/com.unity.purchasing/Editor/UnityEditor.Purchasing.asmdef)
Required property 'name' not set (Packages/com.unity.nuget.newtonsoft-json/Tests/Editor/Unity.Nuget.NewtonsoftJson.EditorTests.asmdef)
Required property 'name' not set (Packages/com.unity.purchasing/Runtime/AppleStub/UnityEngine.Purchasing.AppleStub.asmdef)
Required property 'name' not set (Packages/com.unity.xr.legacyinputhelpers/Editor/TrackedPoseDriver/UnityEditor.SpatialTracking.asmdef)
Required property 'name' not set (Packages/com.unity.ads/Editor/DevX/UnityEngine.Advertisements.DevX.Editor.asmdef)
Required property 'name' not set (Packages/com.unity.collab-proxy/Tests/Editor/PlasticSCM/Unity.PlasticSCM.EditorTests.asmdef)
Required property 'name' not set (Packages/com.unity.ads/Tests/Runtime/Advertisement/UnityEngine.Advertisements.Tests.asmdef)
Required property 'name' not set (Packages/com.unity.xr.legacyinputhelpers/Tests/Runtime/TrackedPoseDriver/UnityEngine.SpatialTracking.Tests.asmdef)
Required property 'name' not set (Packages/com.unity.ads/Editor/UnityEngine.Advertisements.Editor.asmdef)
Required property 'name' not set (Packages/com.unity.purchasing/Runtime/Apple/UnityEngine.Purchasing.Apple.asmdef)
Required property 'name' not set (Packages/com.unity.ads/Tests/Editor/Advertisement/UnityEngine.Advertisements.Editor.Tests.asmdef)
Required property 'name' not set (Packages/com.unity.purchasing/Runtime/Common/Purchasing.Common.asmdef)
Required property 'name' not set (Packages/com.unity.ide.vscode/Editor/Unity.com.unity.vscode.Editor.asmdef)
Required property 'name' not set (Packages/com.unity.2d.tilemap/Editor/Unity.2D.Tilemap.Editor.asmdef)
Required property 'name' not set (Packages/com.unity.xr.legacyinputhelpers/Tests/Editor/LegacyInputHelpersEditorTests.asmdef)
Required property 'name' not set (Packages/com.unity.purchasing/Runtime/Purchasing/UnityEngine.Purchasing.asmdef)
Required property 'name' not set (Packages/com.unity.purchasing/Runtime/WinRTCore/UnityEngine.Purchasing.WinRTCore.asmdef)
Required property 'name' not set (Packages/com.unity.settings-manager/Tests/Editor/Unity.Settings.Editor.Tests.asmdef)
Required property 'name' not set (Packages/com.unity.textmeshpro/Scripts/Editor/Unity.TextMeshPro.Editor.asmdef)
Required property 'name' not set (Packages/com.unity.ide.visualstudio/Editor/com.unity.ide.visualstudio.asmdef)
Required property 'name' not set (Packages/com.unity.purchasing/Runtime/AppleMacosStub/UnityEngine.Purchasing.AppleMacosStub.asmdef)
Required property 'name' not set (Packages/com.unity.probuilder/Addons/Unity.ProBuilder.AddOns.Editor.asmdef)
Required property 'name' not set (Packages/com.unity.2d.tilemap/Tests/Editor/Unity.2D.Tilemap.Package.EditorTests.asmdef)
Required property 'name' not set (Packages/com.unity.test-framework/UnityEngine.TestRunner/UnityEngine.TestRunner.asmdef)
Required property 'name' not set (Packages/com.unity.purchasing/Runtime/AppleMacos/UnityEngine.Purchasing.AppleMacos.asmdef)
Required property 'name' not set (Packages/com.unity.ugui/Tests/Runtime/UnityEngine.UI.Tests.asmdef)
Required property 'name' not set (Packages/com.unity.timeline/Runtime/Unity.Timeline.asmdef)
Required property 'name' not set (Packages/com.unity.textmeshpro/Scripts/Runtime/Unity.TextMeshPro.asmdef)
Required property 'name' not set (Packages/com.unity.purchasing/Runtime/SecurityStub/UnityEngine.Purchasing.SecurityStub.asmdef)
Required property 'name' not set (Packages/com.unity.textmeshpro/Tests/Editor/Unity.TextMeshPro.Editor.Tests.asmdef)
Required property 'name' not set (Packages/com.unity.test-framework/UnityEditor.TestRunner/UnityEditor.TestRunner.asmdef)
Required property 'name' not set (Packages/com.unity.probuilder/External/CSG/Unity.ProBuilder.Csg.asmdef)
Required property 'name' not set (Packages/com.unity.ads/Runtime/Advertisement/UnityEngine.Advertisements.asmdef)
Required property 'name' not set (Packages/com.unity.2d.sprite/Editor/Unity.2D.Sprite.Editor.asmdef)
Required property 'name' not set (Packages/com.unity.probuilder/Runtime/Unity.ProBuilder.asmdef)
Required property 'name' not set (Packages/com.unity.probuilder/Editor/Unity.ProBuilder.Editor.asmdef)
Required property 'name' not set (Packages/com.unity.ugui/Editor/UnityEditor.UI.asmdef)
Required property 'name' not set (Packages/com.unity.collab-proxy/Editor/PlasticSCM/Unity.PlasticSCM.Editor.asmdef)
Required property 'name' not set (Packages/com.unity.timeline/DocCodeExamples/DocCodeExamples.asmdef)
Required property 'name' not set (Packages/com.unity.ide.rider/Rider/Editor/com.unity.ide.rider.asmdef)
Required property 'name' not set (Packages/com.unity.analytics/Editor/Analytics.asmdef)
Required property 'name' not set (Packages/com.unity.2d.sprite/Tests/Editor/Unity.2D.Sprite.Package.EditorTests.asmdef)
Required property 'name' not set (Packages/com.unity.xr.legacyinputhelpers/Runtime/TrackedPoseDriver/UnityEngine.SpatialTracking.asmdef)
Required property 'name' not set (Packages/com.unity.purchasing/Runtime/Security/UnityEngine.Purchasing.Security.asmdef)
Required property 'name' not set (Packages/com.unity.polybrush/Editor/Unity.Polybrush.Editor.asmdef)
Required property 'name' not set (Packages/com.unity.probuilder/External/Poly2Tri/Unity.ProBuilder.Poly2Tri.asmdef)
Required property 'name' not set (Packages/com.unity.ugui/Runtime/UnityEngine.UI.asmdef)
Required property 'name' not set (Packages/com.unity.purchasing/Runtime/WinRTStub/UnityEngine.Purchasing.WinRTStub.asmdef)
Required property 'name' not set (Packages/com.unity.purchasing/Runtime/AppleCore/UnityEngine.Purchasing.AppleCore.asmdef)
Required property 'name' not set (Packages/com.unity.polybrush/Runtime/Unity.Polybrush.asmdef)
Required property 'name' not set (Packages/com.unity.polybrush/Tests/Editor/Unity.Polybrush.Editor.Tests.asmdef)
Required property 'name' not set (Packages/com.unity.analytics/Tests/Editor/Unity.Analytics.StandardEvents.EditorTests.asmdef)
Required property 'name' not set (Packages/com.unity.probuilder/External/KdTree/Unity.ProBuilder.KdTree.asmdef)
Required property 'name' not set (Packages/com.unity.analytics/DataPrivacy/Unity.Analytics.DataPrivacy.asmdef)
Required property 'name' not set (Packages/com.unity.services.core/Editor/Core/Unity.Services.Core.Editor.asmdef)
Required property 'name' not set (Packages/com.unity.ads/Tests/Editor/Monetization/UnityEngine.Monetization.Editor.Tests.asmdef)
Required property 'name' not set (Packages/com.unity.purchasing/Runtime/SecurityCore/UnityEngine.Purchasing.SecurityCore.asmdef)
Required property 'name' not set (Packages/com.unity.textmeshpro/Tests/Runtime/Unity.TextMeshPro.Tests.asmdef)
Required property 'name' not set (Packages/com.unity.probuilder/AssetIdRemapUtility/Editor/Unity.ProBuilder.AssetIdRemapUtility.asmdef)
Required property 'name' not set (Packages/com.unity.purchasing/Runtime/Codeless/UnityEngine.Purchasing.Codeless.asmdef)
Required property 'name' not set (Packages/com.unity.xr.legacyinputhelpers/Runtime/LegacyInputHelpers.asmdef)
Required property 'name' not set (Packages/com.unity.probuilder/External/StlExporter/Unity.ProBuilder.Stl.asmdef)
Required property 'name' not set (Packages/com.unity.settings-manager/Editor/Unity.Settings.Editor.asmdef)
Required property 'name' not set (Packages/com.unity.timeline/Editor/Unity.Timeline.Editor.asmdef)
Required property 'name' not set (Packages/com.unity.purchasing/Runtime/Stores/UnityEngine.Purchasing.Stores.asmdef)
Required property 'name' not set (Packages/com.unity.xr.legacyinputhelpers/Editor/LegacyInputHelpersEditor.asmdef)
Required property 'name' not set (Packages/com.unity.collab-proxy/Editor/Collaborate/Unity.CollabProxy.Editor.asmdef)
Required property 'name' not set (Packages/com.unity.collab-proxy/Tests/Editor/Collaborate/Unity.CollabProxy.EditorTests.asmdef)
Required property 'name' not set (Packages/com.unity.ads/Runtime/Monetization/UnityEngine.Monetization.asmdef)
Required property 'name' not set (Packages/com.unity.ugui/Tests/Editor/UnityEditor.UI.EditorTests.asmdef)
Required property 'name' not set (Packages/com.unity.analytics/Tests/Runtime/Unity.Analytics.DataPrivacy.Tests.asmdef)
Required property 'name' not set (Packages/com.unity.purchasing/Runtime/WinRT/UnityEngine.Purchasing.WinRT.asmdef)
Required property 'name' not set (Packages/com.unity.purchasing/Editor/UnityEditor.Purchasing.asmdef)
Required property 'name' not set (Packages/com.unity.nuget.newtonsoft-json/Tests/Editor/Unity.Nuget.NewtonsoftJson.EditorTests.asmdef)
Required property 'name' not set (Packages/com.unity.purchasing/Runtime/AppleStub/UnityEngine.Purchasing.AppleStub.asmdef)
Required property 'name' not set (Packages/com.unity.xr.legacyinputhelpers/Editor/TrackedPoseDriver/UnityEditor.SpatialTracking.asmdef)
Required property 'name' not set (Packages/com.unity.ads/Editor/DevX/UnityEngine.Advertisements.DevX.Editor.asmdef)
Required property 'name' not set (Packages/com.unity.collab-proxy/Tests/Editor/PlasticSCM/Unity.PlasticSCM.EditorTests.asmdef)
Required property 'name' not set (Packages/com.unity.ads/Tests/Runtime/Advertisement/UnityEngine.Advertisements.Tests.asmdef)
Required property 'name' not set (Packages/com.unity.xr.legacyinputhelpers/Tests/Runtime/TrackedPoseDriver/UnityEngine.SpatialTracking.Tests.asmdef)
Required property 'name' not set (Packages/com.unity.ads/Editor/UnityEngine.Advertisements.Editor.asmdef)
Required property 'name' not set (Packages/com.unity.purchasing/Runtime/Apple/UnityEngine.Purchasing.Apple.asmdef)
Begin MonoManager ReloadAssembly
Native extension for OSXStandalone target not found
Refreshing native plugins compatible for Editor in 0.63 ms, found 1 plugins.
Preloading 0 native plugins for Editor in 0.00 ms.
Required property 'name' not set (Packages/com.unity.ads/Tests/Editor/Advertisement/UnityEngine.Advertisements.Editor.Tests.asmdef)
Required property 'name' not set (Packages/com.unity.purchasing/Runtime/Common/Purchasing.Common.asmdef)
Required property 'name' not set (Packages/com.unity.ide.vscode/Editor/Unity.com.unity.vscode.Editor.asmdef)
Required property 'name' not set (Packages/com.unity.2d.tilemap/Editor/Unity.2D.Tilemap.Editor.asmdef)
Required property 'name' not set (Packages/com.unity.xr.legacyinputhelpers/Tests/Editor/LegacyInputHelpersEditorTests.asmdef)
Required property 'name' not set (Packages/com.unity.purchasing/Runtime/Purchasing/UnityEngine.Purchasing.asmdef)
Required property 'name' not set (Packages/com.unity.purchasing/Runtime/WinRTCore/UnityEngine.Purchasing.WinRTCore.asmdef)
Required property 'name' not set (Packages/com.unity.settings-manager/Tests/Editor/Unity.Settings.Editor.Tests.asmdef)
Required property 'name' not set (Packages/com.unity.textmeshpro/Scripts/Editor/Unity.TextMeshPro.Editor.asmdef)
Required property 'name' not set (Packages/com.unity.ide.visualstudio/Editor/com.unity.ide.visualstudio.asmdef)
Required property 'name' not set (Packages/com.unity.purchasing/Runtime/AppleMacosStub/UnityEngine.Purchasing.AppleMacosStub.asmdef)
Required property 'name' not set (Packages/com.unity.probuilder/Addons/Unity.ProBuilder.AddOns.Editor.asmdef)
Required property 'name' not set (Packages/com.unity.2d.tilemap/Tests/Editor/Unity.2D.Tilemap.Package.EditorTests.asmdef)
Required property 'name' not set (Packages/com.unity.test-framework/UnityEngine.TestRunner/UnityEngine.TestRunner.asmdef)
Required property 'name' not set (Packages/com.unity.purchasing/Runtime/AppleMacos/UnityEngine.Purchasing.AppleMacos.asmdef)
Required property 'name' not set (Packages/com.unity.ugui/Tests/Runtime/UnityEngine.UI.Tests.asmdef)
Required property 'name' not set (Packages/com.unity.timeline/Runtime/Unity.Timeline.asmdef)
Required property 'name' not set (Packages/com.unity.textmeshpro/Scripts/Runtime/Unity.TextMeshPro.asmdef)
Required property 'name' not set (Packages/com.unity.purchasing/Runtime/SecurityStub/UnityEngine.Purchasing.SecurityStub.asmdef)
Required property 'name' not set (Packages/com.unity.textmeshpro/Tests/Editor/Unity.TextMeshPro.Editor.Tests.asmdef)
Required property 'name' not set (Packages/com.unity.test-framework/UnityEditor.TestRunner/UnityEditor.TestRunner.asmdef)
Required property 'name' not set (Packages/com.unity.probuilder/External/CSG/Unity.ProBuilder.Csg.asmdef)
Required property 'name' not set (Packages/com.unity.ads/Runtime/Advertisement/UnityEngine.Advertisements.asmdef)
Required property 'name' not set (Packages/com.unity.2d.sprite/Editor/Unity.2D.Sprite.Editor.asmdef)
Required property 'name' not set (Packages/com.unity.probuilder/Runtime/Unity.ProBuilder.asmdef)
Required property 'name' not set (Packages/com.unity.probuilder/Editor/Unity.ProBuilder.Editor.asmdef)
Required property 'name' not set (Packages/com.unity.ugui/Editor/UnityEditor.UI.asmdef)
Required property 'name' not set (Packages/com.unity.collab-proxy/Editor/PlasticSCM/Unity.PlasticSCM.Editor.asmdef)
Required property 'name' not set (Packages/com.unity.timeline/DocCodeExamples/DocCodeExamples.asmdef)
Required property 'name' not set (Packages/com.unity.ide.rider/Rider/Editor/com.unity.ide.rider.asmdef)
Required property 'name' not set (Packages/com.unity.analytics/Editor/Analytics.asmdef)
Required property 'name' not set (Packages/com.unity.2d.sprite/Tests/Editor/Unity.2D.Sprite.Package.EditorTests.asmdef)
Required property 'name' not set (Packages/com.unity.xr.legacyinputhelpers/Runtime/TrackedPoseDriver/UnityEngine.SpatialTracking.asmdef)
Required property 'name' not set (Packages/com.unity.purchasing/Runtime/Security/UnityEngine.Purchasing.Security.asmdef)
Required property 'name' not set (Packages/com.unity.polybrush/Editor/Unity.Polybrush.Editor.asmdef)
Required property 'name' not set (Packages/com.unity.probuilder/External/Poly2Tri/Unity.ProBuilder.Poly2Tri.asmdef)
Required property 'name' not set (Packages/com.unity.ugui/Runtime/UnityEngine.UI.asmdef)
Required property 'name' not set (Packages/com.unity.purchasing/Runtime/WinRTStub/UnityEngine.Purchasing.WinRTStub.asmdef)
Required property 'name' not set (Packages/com.unity.purchasing/Runtime/AppleCore/UnityEngine.Purchasing.AppleCore.asmdef)
Required property 'name' not set (Packages/com.unity.polybrush/Runtime/Unity.Polybrush.asmdef)
Required property 'name' not set (Packages/com.unity.polybrush/Tests/Editor/Unity.Polybrush.Editor.Tests.asmdef)
Required property 'name' not set (Packages/com.unity.analytics/Tests/Editor/Unity.Analytics.StandardEvents.EditorTests.asmdef)
Required property 'name' not set (Packages/com.unity.probuilder/External/KdTree/Unity.ProBuilder.KdTree.asmdef)
Required property 'name' not set (Packages/com.unity.analytics/DataPrivacy/Unity.Analytics.DataPrivacy.asmdef)
Required property 'name' not set (Packages/com.unity.services.core/Editor/Core/Unity.Services.Core.Editor.asmdef)
Required property 'name' not set (Packages/com.unity.ads/Tests/Editor/Monetization/UnityEngine.Monetization.Editor.Tests.asmdef)
Required property 'name' not set (Packages/com.unity.purchasing/Runtime/SecurityCore/UnityEngine.Purchasing.SecurityCore.asmdef)
Required property 'name' not set (Packages/com.unity.textmeshpro/Tests/Runtime/Unity.TextMeshPro.Tests.asmdef)
Required property 'name' not set (Packages/com.unity.probuilder/AssetIdRemapUtility/Editor/Unity.ProBuilder.AssetIdRemapUtility.asmdef)
Required property 'name' not set (Packages/com.unity.purchasing/Runtime/Codeless/UnityEngine.Purchasing.Codeless.asmdef)
Required property 'name' not set (Packages/com.unity.xr.legacyinputhelpers/Runtime/LegacyInputHelpers.asmdef)
Required property 'name' not set (Packages/com.unity.probuilder/External/StlExporter/Unity.ProBuilder.Stl.asmdef)
Required property 'name' not set (Packages/com.unity.settings-manager/Editor/Unity.Settings.Editor.asmdef)
Required property 'name' not set (Packages/com.unity.timeline/Editor/Unity.Timeline.Editor.asmdef)
Required property 'name' not set (Packages/com.unity.purchasing/Runtime/Stores/UnityEngine.Purchasing.Stores.asmdef)
Required property 'name' not set (Packages/com.unity.xr.legacyinputhelpers/Editor/LegacyInputHelpersEditor.asmdef)
Required property 'name' not set (Packages/com.unity.collab-proxy/Editor/Collaborate/Unity.CollabProxy.Editor.asmdef)
Required property 'name' not set (Packages/com.unity.collab-proxy/Tests/Editor/Collaborate/Unity.CollabProxy.EditorTests.asmdef)
Required property 'name' not set (Packages/com.unity.ads/Runtime/Monetization/UnityEngine.Monetization.asmdef)
Required property 'name' not set (Packages/com.unity.ugui/Tests/Editor/UnityEditor.UI.EditorTests.asmdef)
Required property 'name' not set (Packages/com.unity.analytics/Tests/Runtime/Unity.Analytics.DataPrivacy.Tests.asmdef)
Required property 'name' not set (Packages/com.unity.purchasing/Runtime/WinRT/UnityEngine.Purchasing.WinRT.asmdef)
Required property 'name' not set (Packages/com.unity.purchasing/Editor/UnityEditor.Purchasing.asmdef)
Required property 'name' not set (Packages/com.unity.nuget.newtonsoft-json/Tests/Editor/Unity.Nuget.NewtonsoftJson.EditorTests.asmdef)
Required property 'name' not set (Packages/com.unity.purchasing/Runtime/AppleStub/UnityEngine.Purchasing.AppleStub.asmdef)
Required property 'name' not set (Packages/com.unity.xr.legacyinputhelpers/Editor/TrackedPoseDriver/UnityEditor.SpatialTracking.asmdef)
Required property 'name' not set (Packages/com.unity.ads/Editor/DevX/UnityEngine.Advertisements.DevX.Editor.asmdef)
Required property 'name' not set (Packages/com.unity.collab-proxy/Tests/Editor/PlasticSCM/Unity.PlasticSCM.EditorTests.asmdef)
Required property 'name' not set (Packages/com.unity.ads/Tests/Runtime/Advertisement/UnityEngine.Advertisements.Tests.asmdef)
Required property 'name' not set (Packages/com.unity.xr.legacyinputhelpers/Tests/Runtime/TrackedPoseDriver/UnityEngine.SpatialTracking.Tests.asmdef)
Required property 'name' not set (Packages/com.unity.ads/Editor/UnityEngine.Advertisements.Editor.asmdef)
Required property 'name' not set (Packages/com.unity.purchasing/Runtime/Apple/UnityEngine.Purchasing.Apple.asmdef)
Mono: successfully reloaded assembly
- Completed reload, in  0.788 seconds
Domain Reload Profiling:
	ReloadAssembly (788ms)
		BeginReloadAssembly (120ms)
			ExecutionOrderSort (0ms)
			DisableScriptedObjects (4ms)
			BackupInstance (0ms)
			ReleaseScriptingObjects (0ms)
			CreateAndSetChildDomain (22ms)
		EndReloadAssembly (619ms)
			LoadAssemblies (26ms)
			RebuildTransferFunctionScriptingTraits (0ms)
			SetupTypeCache (137ms)
			ReleaseScriptCaches (0ms)
			RebuildScriptCaches (239ms)
			SetupLoadedEditorAssemblies (132ms)
				LogAssemblyErrors (0ms)
				InitializePlatformSupportModulesInManaged (3ms)
				SetLoadedEditorAssemblies (0ms)
				RefreshPlugins (1ms)
				BeforeProcessingInitializeOnLoad (20ms)
				ProcessInitializeOnLoadAttributes (103ms)
				ProcessInitializeOnLoadMethodAttributes (4ms)
				AfterProcessingInitializeOnLoad (1ms)
				EditorAssembliesLoaded (0ms)
			ExecutionOrderSort2 (0ms)
			AwakeInstancesAfterBackupRestoration (6ms)
Platform modules already initialized, skipping
Validating Project structure ... 0.001074 seconds.
Shader import version has changed; will reimport all shaders...
Upgrading shader files ...0.001356 seconds.
Application.AssetDatabase Initial Script Refresh Start
RefreshInfo: InitialScriptRefreshV2(NoUpdateAssetOptions) scanfilter:  ... 1 filters
RefreshProfiler: Total: 0.000ms
Application.AssetDatabase Initial Script Refresh End
Application.AssetDatabase.Refresh Start
Application.AssetDatabase.Refresh End
RefreshInfo: StopAssetImportingV2(ForceSynchronousImport) scanfilter: 
RefreshProfiler: Total: 0.000ms
Launching external process: /Applications/2020.3.27f1/Unity.app/Contents/Tools/UnityShaderCompiler
Launched and connected shader compiler UnityShaderCompiler after 0.01 seconds
Initializing Unity extensions:
Required property 'name' not set (Packages/com.unity.ads/Tests/Editor/Advertisement/UnityEngine.Advertisements.Editor.Tests.asmdef)
Required property 'name' not set (Packages/com.unity.purchasing/Runtime/Common/Purchasing.Common.asmdef)
Required property 'name' not set (Packages/com.unity.ide.vscode/Editor/Unity.com.unity.vscode.Editor.asmdef)
Required property 'name' not set (Packages/com.unity.2d.tilemap/Editor/Unity.2D.Tilemap.Editor.asmdef)
Required property 'name' not set (Packages/com.unity.xr.legacyinputhelpers/Tests/Editor/LegacyInputHelpersEditorTests.asmdef)
Required property 'name' not set (Packages/com.unity.purchasing/Runtime/Purchasing/UnityEngine.Purchasing.asmdef)
Required property 'name' not set (Packages/com.unity.purchasing/Runtime/WinRTCore/UnityEngine.Purchasing.WinRTCore.asmdef)
Required property 'name' not set (Packages/com.unity.settings-manager/Tests/Editor/Unity.Settings.Editor.Tests.asmdef)
Required property 'name' not set (Packages/com.unity.textmeshpro/Scripts/Editor/Unity.TextMeshPro.Editor.asmdef)
Required property 'name' not set (Packages/com.unity.ide.visualstudio/Editor/com.unity.ide.visualstudio.asmdef)
Required property 'name' not set (Packages/com.unity.purchasing/Runtime/AppleMacosStub/UnityEngine.Purchasing.AppleMacosStub.asmdef)
Required property 'name' not set (Packages/com.unity.probuilder/Addons/Unity.ProBuilder.AddOns.Editor.asmdef)
Required property 'name' not set (Packages/com.unity.2d.tilemap/Tests/Editor/Unity.2D.Tilemap.Package.EditorTests.asmdef)
Required property 'name' not set (Packages/com.unity.test-framework/UnityEngine.TestRunner/UnityEngine.TestRunner.asmdef)
Required property 'name' not set (Packages/com.unity.purchasing/Runtime/AppleMacos/UnityEngine.Purchasing.AppleMacos.asmdef)
Required property 'name' not set (Packages/com.unity.ugui/Tests/Runtime/UnityEngine.UI.Tests.asmdef)
Required property 'name' not set (Packages/com.unity.timeline/Runtime/Unity.Timeline.asmdef)
Required property 'name' not set (Packages/com.unity.textmeshpro/Scripts/Runtime/Unity.TextMeshPro.asmdef)
Required property 'name' not set (Packages/com.unity.purchasing/Runtime/SecurityStub/UnityEngine.Purchasing.SecurityStub.asmdef)
Required property 'name' not set (Packages/com.unity.textmeshpro/Tests/Editor/Unity.TextMeshPro.Editor.Tests.asmdef)
Required property 'name' not set (Packages/com.unity.test-framework/UnityEditor.TestRunner/UnityEditor.TestRunner.asmdef)
Required property 'name' not set (Packages/com.unity.probuilder/External/CSG/Unity.ProBuilder.Csg.asmdef)
Required property 'name' not set (Packages/com.unity.ads/Runtime/Advertisement/UnityEngine.Advertisements.asmdef)
Required property 'name' not set (Packages/com.unity.2d.sprite/Editor/Unity.2D.Sprite.Editor.asmdef)
Required property 'name' not set (Packages/com.unity.probuilder/Runtime/Unity.ProBuilder.asmdef)
Required property 'name' not set (Packages/com.unity.probuilder/Editor/Unity.ProBuilder.Editor.asmdef)
Required property 'name' not set (Packages/com.unity.ugui/Editor/UnityEditor.UI.asmdef)
Required property 'name' not set (Packages/com.unity.collab-proxy/Editor/PlasticSCM/Unity.PlasticSCM.Editor.asmdef)
Required property 'name' not set (Packages/com.unity.timeline/DocCodeExamples/DocCodeExamples.asmdef)
Required property 'name' not set (Packages/com.unity.ide.rider/Rider/Editor/com.unity.ide.rider.asmdef)
Required property 'name' not set (Packages/com.unity.analytics/Editor/Analytics.asmdef)
Required property 'name' not set (Packages/com.unity.2d.sprite/Tests/Editor/Unity.2D.Sprite.Package.EditorTests.asmdef)
Required property 'name' not set (Packages/com.unity.xr.legacyinputhelpers/Runtime/TrackedPoseDriver/UnityEngine.SpatialTracking.asmdef)
Required property 'name' not set (Packages/com.unity.purchasing/Runtime/Security/UnityEngine.Purchasing.Security.asmdef)
Required property 'name' not set (Packages/com.unity.polybrush/Editor/Unity.Polybrush.Editor.asmdef)
Required property 'name' not set (Packages/com.unity.probuilder/External/Poly2Tri/Unity.ProBuilder.Poly2Tri.asmdef)
Required property 'name' not set (Packages/com.unity.ugui/Runtime/UnityEngine.UI.asmdef)
Required property 'name' not set (Packages/com.unity.purchasing/Runtime/WinRTStub/UnityEngine.Purchasing.WinRTStub.asmdef)
Required property 'name' not set (Packages/com.unity.purchasing/Runtime/AppleCore/UnityEngine.Purchasing.AppleCore.asmdef)
Required property 'name' not set (Packages/com.unity.polybrush/Runtime/Unity.Polybrush.asmdef)
Required property 'name' not set (Packages/com.unity.polybrush/Tests/Editor/Unity.Polybrush.Editor.Tests.asmdef)
Required property 'name' not set (Packages/com.unity.analytics/Tests/Editor/Unity.Analytics.StandardEvents.EditorTests.asmdef)
Required property 'name' not set (Packages/com.unity.probuilder/External/KdTree/Unity.ProBuilder.KdTree.asmdef)
Required property 'name' not set (Packages/com.unity.analytics/DataPrivacy/Unity.Analytics.DataPrivacy.asmdef)
Required property 'name' not set (Packages/com.unity.services.core/Editor/Core/Unity.Services.Core.Editor.asmdef)
Required property 'name' not set (Packages/com.unity.ads/Tests/Editor/Monetization/UnityEngine.Monetization.Editor.Tests.asmdef)
Required property 'name' not set (Packages/com.unity.purchasing/Runtime/SecurityCore/UnityEngine.Purchasing.SecurityCore.asmdef)
Required property 'name' not set (Packages/com.unity.textmeshpro/Tests/Runtime/Unity.TextMeshPro.Tests.asmdef)
Required property 'name' not set (Packages/com.unity.probuilder/AssetIdRemapUtility/Editor/Unity.ProBuilder.AssetIdRemapUtility.asmdef)
Required property 'name' not set (Packages/com.unity.purchasing/Runtime/Codeless/UnityEngine.Purchasing.Codeless.asmdef)
Required property 'name' not set (Packages/com.unity.xr.legacyinputhelpers/Runtime/LegacyInputHelpers.asmdef)
Required property 'name' not set (Packages/com.unity.probuilder/External/StlExporter/Unity.ProBuilder.Stl.asmdef)
Required property 'name' not set (Packages/com.unity.settings-manager/Editor/Unity.Settings.Editor.asmdef)
Required property 'name' not set (Packages/com.unity.timeline/Editor/Unity.Timeline.Editor.asmdef)
Required property 'name' not set (Packages/com.unity.purchasing/Runtime/Stores/UnityEngine.Purchasing.Stores.asmdef)
Required property 'name' not set (Packages/com.unity.xr.legacyinputhelpers/Editor/LegacyInputHelpersEditor.asmdef)
Required property 'name' not set (Packages/com.unity.collab-proxy/Editor/Collaborate/Unity.CollabProxy.Editor.asmdef)
Required property 'name' not set (Packages/com.unity.collab-proxy/Tests/Editor/Collaborate/Unity.CollabProxy.EditorTests.asmdef)
Required property 'name' not set (Packages/com.unity.ads/Runtime/Monetization/UnityEngine.Monetization.asmdef)
Required property 'name' not set (Packages/com.unity.ugui/Tests/Editor/UnityEditor.UI.EditorTests.asmdef)
Required property 'name' not set (Packages/com.unity.analytics/Tests/Runtime/Unity.Analytics.DataPrivacy.Tests.asmdef)
Required property 'name' not set (Packages/com.unity.purchasing/Runtime/WinRT/UnityEngine.Purchasing.WinRT.asmdef)
Required property 'name' not set (Packages/com.unity.purchasing/Editor/UnityEditor.Purchasing.asmdef)
Required property 'name' not set (Packages/com.unity.nuget.newtonsoft-json/Tests/Editor/Unity.Nuget.NewtonsoftJson.EditorTests.asmdef)
Required property 'name' not set (Packages/com.unity.purchasing/Runtime/AppleStub/UnityEngine.Purchasing.AppleStub.asmdef)
Required property 'name' not set (Packages/com.unity.xr.legacyinputhelpers/Editor/TrackedPoseDriver/UnityEditor.SpatialTracking.asmdef)
Required property 'name' not set (Packages/com.unity.ads/Editor/DevX/UnityEngine.Advertisements.DevX.Editor.asmdef)
Required property 'name' not set (Packages/com.unity.collab-proxy/Tests/Editor/PlasticSCM/Unity.PlasticSCM.EditorTests.asmdef)
Required property 'name' not set (Packages/com.unity.ads/Tests/Runtime/Advertisement/UnityEngine.Advertisements.Tests.asmdef)
Required property 'name' not set (Packages/com.unity.xr.legacyinputhelpers/Tests/Runtime/TrackedPoseDriver/UnityEngine.SpatialTracking.Tests.asmdef)
Required property 'name' not set (Packages/com.unity.ads/Editor/UnityEngine.Advertisements.Editor.asmdef)
Required property 'name' not set (Packages/com.unity.purchasing/Runtime/Apple/UnityEngine.Purchasing.Apple.asmdef)
Script is not up to date after domain reload: guid(b7b795c55595c419cb2f17c1d4586801) path("Packages/com.unity.ads/Plugins/iOS/UnityAds.framework/Headers/UADSBannerAdRefreshViewDelegate.h") state(2)
Script is not up to date after domain reload: guid(67652998d85474a6497e0b5dbbdc529a) path("Packages/com.unity.ads/Plugins/iOS/UnityAds.framework/Headers/UnityAdsFinishState.h") state(2)
Script is not up to date after domain reload: guid(0aea693ccd8224b86a7c970e652a834c) path("Packages/com.unity.ads/Plugins/iOS/UnityAds.framework/Headers/UMONPromoAdPlacementContent.h") state(2)
Script is not up to date after domain reload: guid(5190ecc2b0a51474586b4950963c80a3) path("Packages/com.unity.ads/Plugins/iOS/UnityAds.framework/Headers/UADSBaseOptions.h") state(2)
Script is not up to date after domain reload: guid(cebbae3b0f76545dbb95b2f191a97933) path("Packages/com.unity.ads/Plugins/iOS/UnityAds.framework/Headers/UADSBannerError.h") state(2)
Script is not up to date after domain reload: guid(17298dba0206c40c78186dd57ff0cf09) path("Packages/com.unity.ads/Plugins/iOS/UnityAds.framework/Headers/USRVUnityPurchasing.h") state(2)
Script is not up to date after domain reload: guid(2fc00bf039b24442aada81c9786f16df) path("Packages/com.unity.ads/Plugins/iOS/UnityAds.framework/Headers/UANAApiAnalytics.h") state(2)
Script is not up to date after domain reload: guid(f7b9eb88c15bc4e58bc89369a5c6c6d4) path("Packages/com.unity.ads/Plugins/iOS/UnityAds.framework/Headers/UnityAdsShowDelegate.h") state(2)
Script is not up to date after domain reload: guid(4cda1ab9575d543abb4604172103412a) path("Packages/com.unity.ads/Plugins/iOS/UnityAds.framework/Headers/UADSPlayerMetaData.h") state(2)
Script is not up to date after domain reload: guid(df3a6fc07a7e445cd82d04d3d81315b8) path("Packages/com.unity.ads/Plugins/iOS/UnityAds.framework/Headers/UADSInAppPurchaseMetaData.h") state(2)
Script is not up to date after domain reload: guid(65891c318aafe45a7bcf2ef952ea24ad) path("Packages/com.unity.ads/Plugins/iOS/UnityAds.framework/Headers/UMONNativePromoAdapter.h") state(2)
Script is not up to date after domain reload: guid(26a240df4680f498c909364076c67198) path("Packages/com.unity.ads/Plugins/iOS/UnityAds.framework/Headers/USRVUnityPurchasingDelegate.h") state(2)
Script is not up to date after domain reload: guid(0ba37bbc9c6d04080bb37cce6829a913) path("Packages/com.unity.ads/Plugins/iOS/UnityAds.framework/Headers/UnityAdsDelegate.h") state(2)
Script is not up to date after domain reload: guid(30f3ad82a11944fd7a1f9bcc7cf960a6) path("Packages/com.unity.ads/Plugins/iOS/UnityAds.framework/Headers/UMONCustomEvent.h") state(2)
Script is not up to date after domain reload: guid(a839037c891254cc1a8a48c7da07dc8d) path("Packages/com.unity.ads/Plugins/iOS/UnityAds.framework/Headers/UnityAdsError.h") state(2)
Script is not up to date after domain reload: guid(485569c2cc642419d9b86551e2c835eb) path("Packages/com.unity.ads/Plugins/iOS/UnityAds.framework/Headers/UnityAnalytics.h") state(2)
Script is not up to date after domain reload: guid(cc0fb33b52f4f43be826143592b5227d) path("Packages/com.unity.ads/Plugins/iOS/UnityAds.framework/Headers/UPURStore.h") state(2)
Script is not up to date after domain reload: guid(397e7488bca084b3d8db12ce8823ec55) path("Packages/com.unity.ads/Plugins/iOS/UnityAds.framework/Headers/UnityMonetizationPlacementContentState.h") state(2)
Script is not up to date after domain reload: guid(6ab728348574a4d619ee68c0c5c24bc0) path("Packages/com.unity.ads/Plugins/iOS/UnityAds.framework/Headers/UADSMetaData.h") state(2)
Script is not up to date after domain reload: guid(d11208f0cd7f94b348e9ed46f756a853) path("Packages/com.unity.ads/Plugins/iOS/UnityAds.framework/Headers/UnityAdsPlacementState.h") state(2)
Script is not up to date after domain reload: guid(6ad11f79468dd46ce8c0a025f8f43d30) path("Packages/com.unity.ads/Plugins/iOS/UnityAds.framework/Headers/UPURTransactionDetails.h") state(2)
Script is not up to date after domain reload: guid(96846ba4794f74fc9b8046e3ff4e012e) path("Packages/com.unity.ads/Plugins/iOS/UnityAds.framework/Headers/UADSPurchasing.h") state(2)
Script is not up to date after domain reload: guid(1857c7c89eb024ed9b6b9250d72487e4) path("Packages/com.unity.ads/Plugins/iOS/UnityAds.framework/Headers/UMONPromoMetaData.h") state(2)
Script is not up to date after domain reload: guid(ad907c0fdf87f47b2bdba43a23ea27da) path("Packages/com.unity.ads/Plugins/iOS/UnityAds.framework/Headers/UnityAdsLoadDelegate.h") state(2)
Script is not up to date after domain reload: guid(ae9ab392ff8e0472fa46762c4ef990d6) path("Packages/com.unity.ads/Plugins/iOS/UnityAds.framework/Headers/UnityAdsInitializationDelegate.h") state(2)
Script is not up to date after domain reload: guid(a528eca8dbb8f4a9fabc36a1e446aec6) path("Packages/com.unity.ads/Plugins/iOS/UnityAds.framework/Headers/UADSShowOptions.h") state(2)
Script is not up to date after domain reload: guid(eba681eb6a0e44aa1b488a8bec905ed8) path("Packages/com.unity.ads/Plugins/iOS/UnityAds.framework/Headers/UMONItem.h") state(2)
Script is not up to date after domain reload: guid(555e182a27a904c01bfe2de1a0dfbec0) path("Packages/com.unity.ads/Plugins/iOS/UnityAds.framework/Headers/UADSLoadOptions.h") state(2)
Script is not up to date after domain reload: guid(4526d2f88533b46eda8c84664d580a71) path("Packages/com.unity.ads/Plugins/iOS/UnityAds.framework/Headers/USRVJsonStorage.h") state(2)
Script is not up to date after domain reload: guid(a0103e27820ab471588551cc552b20ef) path("Packages/com.unity.ads/Plugins/iOS/UnityAds.framework/Headers/UMONRewardablePlacementContent.h") state(2)
Script is not up to date after domain reload: guid(8393a449630f64e9d87e85dab97ab2bb) path("Packages/com.unity.ads/Plugins/iOS/UnityAds.framework/Headers/UnityAdsShowError.h") state(2)
Script is not up to date after domain reload: guid(9ea6460deb8694a278d46fdb6b74d2e3) path("Packages/com.unity.ads/Plugins/iOS/UnityAds.framework/Headers/UnityMonetizationDelegate.h") state(2)
Script is not up to date after domain reload: guid(1a989d7bf315544da83db6805a6c83e4) path("Packages/com.unity.ads/Plugins/iOS/UnityAds.framework/Headers/UADSBannerView.h") state(2)
Script is not up to date after domain reload: guid(7d3fa98845d53477396c9e42c33dd01d) path("Packages/com.unity.ads/Plugins/iOS/UnityAds.framework/Headers/UnityServices.h") state(2)
Script is not up to date after domain reload: guid(6fc3c1c29f9824493b483b2acb0329a2) path("Packages/com.unity.ads/Plugins/iOS/UnityAds.framework/Headers/UPURTransactionError.h") state(2)
Script is not up to date after domain reload: guid(62d6d557478f74af49d66807d6ac09a7) path("Packages/com.unity.ads/Plugins/iOS/UnityAds.framework/Headers/UnityAdsLoadError.h") state(2)
Script is not up to date after domain reload: guid(fd8993202b1034037b8e0112f0c81a88) path("Packages/com.unity.ads/Plugins/iOS/UnityAds.framework/Headers/UPURTransactionErrorDetails.h") state(2)
Script is not up to date after domain reload: guid(a9649073dd8eb4927b9eee2a4990ab68) path("Packages/com.unity.ads/Plugins/iOS/UnityAds.framework/Headers/UnityAdsBannerDelegate.h") state(2)
Script is not up to date after domain reload: guid(0db6b5c4eaaaa4c6c8e6cee31efaad75) path("Packages/com.unity.ads/Plugins/iOS/UnityAds.framework/Headers/UnityAdsShowCompletionState.h") state(2)
Script is not up to date after domain reload: guid(67db87aeca1ea4be791e546f85060168) path("Packages/com.unity.ads/Plugins/iOS/UnityAds.framework/Headers/UnityAdsDelegateUtil.h") state(2)
Script is not up to date after domain reload: guid(69ca21b6ac4fe4c8891a05483e69630b) path("Packages/com.unity.ads/Plugins/iOS/UnityAds.framework/Headers/UADSBannerViewDelegate.h") state(2)
Script is not up to date after domain reload: guid(8f77541aa54a947bf98d76c1d1e6dc47) path("Packages/com.unity.ads/Plugins/iOS/UnityAds.framework/Headers/UnityMonetization.h") state(2)
Script is not up to date after domain reload: guid(51b421b9718354cdc95effa9d656b5d4) path("Packages/com.unity.ads/Plugins/iOS/UnityAds.framework/Headers/UADSBanner.h") state(2)
Script is not up to date after domain reload: guid(f1d76b923d9c24472a7e17052103b239) path("Packages/com.unity.ads/Plugins/iOS/UnityAds.framework/Headers/UnityAdsInitializationError.h") state(2)
Script is not up to date after domain reload: guid(b96fdd5f93dc742249db67296ad45235) path("Packages/com.unity.ads/Plugins/iOS/UnityAds.framework/Headers/UMONShowAdPlacementContent.h") state(2)
Script is not up to date after domain reload: guid(4fe290d354d284f468e3d807105b378e) path("Packages/com.unity.ads/Plugins/iOS/UnityAds.framework/Headers/UnityAds.h") state(2)
Script is not up to date after domain reload: guid(38abee2e1734e4ebaab964a3be37633c) path("Packages/com.unity.ads/Plugins/iOS/UnityAds.framework/Headers/UnityAdsExtendedDelegate.h") state(2)
Script is not up to date after domain reload: guid(64a32ecba12b6404787226d0e8c4500b) path("Packages/com.unity.ads/Plugins/iOS/UnityAds.framework/Headers/UnityAdvertisement.h") state(2)
Script is not up to date after domain reload: guid(9967dc06e74474a9aad9547f7e22a2c4) path("Packages/com.unity.ads/Plugins/iOS/UnityAds.framework/Headers/UnityAnalyticsAcquisitionType.h") state(2)
Script is not up to date after domain reload: guid(464424ea5a35b4ae38377ec50f72849c) path("Packages/com.unity.ads/Plugins/iOS/UnityAds.framework/Headers/UMONPlacementContent.h") state(2)
Script is not up to date after domain reload: guid(3e42597ec3fe34984b1001b92118f326) path("Packages/com.unity.ads/Plugins/iOS/UnityAds.framework/Headers/UPURProduct.h") state(2)
Script is not up to date after domain reload: guid(55da945631dd44ef2a66ca96fdb287a6) path("Packages/com.unity.ads/Plugins/iOS/UnityAds.framework/Headers/UADSMediationMetaData.h") state(2)
========================================================================
Worker process is ready to serve import requests
Script is not up to date after domain reload: guid(b7b795c55595c419cb2f17c1d4586801) path("Packages/com.unity.ads/Plugins/iOS/UnityAds.framework/Headers/UADSBannerAdRefreshViewDelegate.h") state(2)
Script is not up to date after domain reload: guid(67652998d85474a6497e0b5dbbdc529a) path("Packages/com.unity.ads/Plugins/iOS/UnityAds.framework/Headers/UnityAdsFinishState.h") state(2)
Script is not up to date after domain reload: guid(0aea693ccd8224b86a7c970e652a834c) path("Packages/com.unity.ads/Plugins/iOS/UnityAds.framework/Headers/UMONPromoAdPlacementContent.h") state(2)
Script is not up to date after domain reload: guid(5190ecc2b0a51474586b4950963c80a3) path("Packages/com.unity.ads/Plugins/iOS/UnityAds.framework/Headers/UADSBaseOptions.h") state(2)
Script is not up to date after domain reload: guid(cebbae3b0f76545dbb95b2f191a97933) path("Packages/com.unity.ads/Plugins/iOS/UnityAds.framework/Headers/UADSBannerError.h") state(2)
Script is not up to date after domain reload: guid(17298dba0206c40c78186dd57ff0cf09) path("Packages/com.unity.ads/Plugins/iOS/UnityAds.framework/Headers/USRVUnityPurchasing.h") state(2)
Script is not up to date after domain reload: guid(2fc00bf039b24442aada81c9786f16df) path("Packages/com.unity.ads/Plugins/iOS/UnityAds.framework/Headers/UANAApiAnalytics.h") state(2)
Script is not up to date after domain reload: guid(f7b9eb88c15bc4e58bc89369a5c6c6d4) path("Packages/com.unity.ads/Plugins/iOS/UnityAds.framework/Headers/UnityAdsShowDelegate.h") state(2)
Script is not up to date after domain reload: guid(4cda1ab9575d543abb4604172103412a) path("Packages/com.unity.ads/Plugins/iOS/UnityAds.framework/Headers/UADSPlayerMetaData.h") state(2)
Script is not up to date after domain reload: guid(df3a6fc07a7e445cd82d04d3d81315b8) path("Packages/com.unity.ads/Plugins/iOS/UnityAds.framework/Headers/UADSInAppPurchaseMetaData.h") state(2)
Script is not up to date after domain reload: guid(65891c318aafe45a7bcf2ef952ea24ad) path("Packages/com.unity.ads/Plugins/iOS/UnityAds.framework/Headers/UMONNativePromoAdapter.h") state(2)
Script is not up to date after domain reload: guid(26a240df4680f498c909364076c67198) path("Packages/com.unity.ads/Plugins/iOS/UnityAds.framework/Headers/USRVUnityPurchasingDelegate.h") state(2)
Script is not up to date after domain reload: guid(0ba37bbc9c6d04080bb37cce6829a913) path("Packages/com.unity.ads/Plugins/iOS/UnityAds.framework/Headers/UnityAdsDelegate.h") state(2)
Script is not up to date after domain reload: guid(30f3ad82a11944fd7a1f9bcc7cf960a6) path("Packages/com.unity.ads/Plugins/iOS/UnityAds.framework/Headers/UMONCustomEvent.h") state(2)
Script is not up to date after domain reload: guid(a839037c891254cc1a8a48c7da07dc8d) path("Packages/com.unity.ads/Plugins/iOS/UnityAds.framework/Headers/UnityAdsError.h") state(2)
Script is not up to date after domain reload: guid(485569c2cc642419d9b86551e2c835eb) path("Packages/com.unity.ads/Plugins/iOS/UnityAds.framework/Headers/UnityAnalytics.h") state(2)
Script is not up to date after domain reload: guid(cc0fb33b52f4f43be826143592b5227d) path("Packages/com.unity.ads/Plugins/iOS/UnityAds.framework/Headers/UPURStore.h") state(2)
Script is not up to date after domain reload: guid(397e7488bca084b3d8db12ce8823ec55) path("Packages/com.unity.ads/Plugins/iOS/UnityAds.framework/Headers/UnityMonetizationPlacementContentState.h") state(2)
Script is not up to date after domain reload: guid(6ab728348574a4d619ee68c0c5c24bc0) path("Packages/com.unity.ads/Plugins/iOS/UnityAds.framework/Headers/UADSMetaData.h") state(2)
Script is not up to date after domain reload: guid(d11208f0cd7f94b348e9ed46f756a853) path("Packages/com.unity.ads/Plugins/iOS/UnityAds.framework/Headers/UnityAdsPlacementState.h") state(2)
Script is not up to date after domain reload: guid(6ad11f79468dd46ce8c0a025f8f43d30) path("Packages/com.unity.ads/Plugins/iOS/UnityAds.framework/Headers/UPURTransactionDetails.h") state(2)
Script is not up to date after domain reload: guid(96846ba4794f74fc9b8046e3ff4e012e) path("Packages/com.unity.ads/Plugins/iOS/UnityAds.framework/Headers/UADSPurchasing.h") state(2)
Script is not up to date after domain reload: guid(1857c7c89eb024ed9b6b9250d72487e4) path("Packages/com.unity.ads/Plugins/iOS/UnityAds.framework/Headers/UMONPromoMetaData.h") state(2)
Script is not up to date after domain reload: guid(ad907c0fdf87f47b2bdba43a23ea27da) path("Packages/com.unity.ads/Plugins/iOS/UnityAds.framework/Headers/UnityAdsLoadDelegate.h") state(2)
Script is not up to date after domain reload: guid(ae9ab392ff8e0472fa46762c4ef990d6) path("Packages/com.unity.ads/Plugins/iOS/UnityAds.framework/Headers/UnityAdsInitializationDelegate.h") state(2)
Script is not up to date after domain reload: guid(a528eca8dbb8f4a9fabc36a1e446aec6) path("Packages/com.unity.ads/Plugins/iOS/UnityAds.framework/Headers/UADSShowOptions.h") state(2)
Script is not up to date after domain reload: guid(eba681eb6a0e44aa1b488a8bec905ed8) path("Packages/com.unity.ads/Plugins/iOS/UnityAds.framework/Headers/UMONItem.h") state(2)
Script is not up to date after domain reload: guid(555e182a27a904c01bfe2de1a0dfbec0) path("Packages/com.unity.ads/Plugins/iOS/UnityAds.framework/Headers/UADSLoadOptions.h") state(2)
Script is not up to date after domain reload: guid(4526d2f88533b46eda8c84664d580a71) path("Packages/com.unity.ads/Plugins/iOS/UnityAds.framework/Headers/USRVJsonStorage.h") state(2)
Script is not up to date after domain reload: guid(a0103e27820ab471588551cc552b20ef) path("Packages/com.unity.ads/Plugins/iOS/UnityAds.framework/Headers/UMONRewardablePlacementContent.h") state(2)
Script is not up to date after domain reload: guid(8393a449630f64e9d87e85dab97ab2bb) path("Packages/com.unity.ads/Plugins/iOS/UnityAds.framework/Headers/UnityAdsShowError.h") state(2)
Script is not up to date after domain reload: guid(9ea6460deb8694a278d46fdb6b74d2e3) path("Packages/com.unity.ads/Plugins/iOS/UnityAds.framework/Headers/UnityMonetizationDelegate.h") state(2)
Script is not up to date after domain reload: guid(1a989d7bf315544da83db6805a6c83e4) path("Packages/com.unity.ads/Plugins/iOS/UnityAds.framework/Headers/UADSBannerView.h") state(2)
Script is not up to date after domain reload: guid(7d3fa98845d53477396c9e42c33dd01d) path("Packages/com.unity.ads/Plugins/iOS/UnityAds.framework/Headers/UnityServices.h") state(2)
Script is not up to date after domain reload: guid(6fc3c1c29f9824493b483b2acb0329a2) path("Packages/com.unity.ads/Plugins/iOS/UnityAds.framework/Headers/UPURTransactionError.h") state(2)
Script is not up to date after domain reload: guid(62d6d557478f74af49d66807d6ac09a7) path("Packages/com.unity.ads/Plugins/iOS/UnityAds.framework/Headers/UnityAdsLoadError.h") state(2)
Script is not up to date after domain reload: guid(fd8993202b1034037b8e0112f0c81a88) path("Packages/com.unity.ads/Plugins/iOS/UnityAds.framework/Headers/UPURTransactionErrorDetails.h") state(2)
Script is not up to date after domain reload: guid(a9649073dd8eb4927b9eee2a4990ab68) path("Packages/com.unity.ads/Plugins/iOS/UnityAds.framework/Headers/UnityAdsBannerDelegate.h") state(2)
Script is not up to date after domain reload: guid(0db6b5c4eaaaa4c6c8e6cee31efaad75) path("Packages/com.unity.ads/Plugins/iOS/UnityAds.framework/Headers/UnityAdsShowCompletionState.h") state(2)
Script is not up to date after domain reload: guid(67db87aeca1ea4be791e546f85060168) path("Packages/com.unity.ads/Plugins/iOS/UnityAds.framework/Headers/UnityAdsDelegateUtil.h") state(2)
Script is not up to date after domain reload: guid(69ca21b6ac4fe4c8891a05483e69630b) path("Packages/com.unity.ads/Plugins/iOS/UnityAds.framework/Headers/UADSBannerViewDelegate.h") state(2)
Script is not up to date after domain reload: guid(8f77541aa54a947bf98d76c1d1e6dc47) path("Packages/com.unity.ads/Plugins/iOS/UnityAds.framework/Headers/UnityMonetization.h") state(2)
Script is not up to date after domain reload: guid(51b421b9718354cdc95effa9d656b5d4) path("Packages/com.unity.ads/Plugins/iOS/UnityAds.framework/Headers/UADSBanner.h") state(2)
Script is not up to date after domain reload: guid(f1d76b923d9c24472a7e17052103b239) path("Packages/com.unity.ads/Plugins/iOS/UnityAds.framework/Headers/UnityAdsInitializationError.h") state(2)
Script is not up to date after domain reload: guid(b96fdd5f93dc742249db67296ad45235) path("Packages/com.unity.ads/Plugins/iOS/UnityAds.framework/Headers/UMONShowAdPlacementContent.h") state(2)
Script is not up to date after domain reload: guid(4fe290d354d284f468e3d807105b378e) path("Packages/com.unity.ads/Plugins/iOS/UnityAds.framework/Headers/UnityAds.h") state(2)
Script is not up to date after domain reload: guid(38abee2e1734e4ebaab964a3be37633c) path("Packages/com.unity.ads/Plugins/iOS/UnityAds.framework/Headers/UnityAdsExtendedDelegate.h") state(2)
Script is not up to date after domain reload: guid(64a32ecba12b6404787226d0e8c4500b) path("Packages/com.unity.ads/Plugins/iOS/UnityAds.framework/Headers/UnityAdvertisement.h") state(2)
Script is not up to date after domain reload: guid(9967dc06e74474a9aad9547f7e22a2c4) path("Packages/com.unity.ads/Plugins/iOS/UnityAds.framework/Headers/UnityAnalyticsAcquisitionType.h") state(2)
Script is not up to date after domain reload: guid(464424ea5a35b4ae38377ec50f72849c) path("Packages/com.unity.ads/Plugins/iOS/UnityAds.framework/Headers/UMONPlacementContent.h") state(2)
Script is not up to date after domain reload: guid(3e42597ec3fe34984b1001b92118f326) path("Packages/com.unity.ads/Plugins/iOS/UnityAds.framework/Headers/UPURProduct.h") state(2)
Script is not up to date after domain reload: guid(55da945631dd44ef2a66ca96fdb287a6) path("Packages/com.unity.ads/Plugins/iOS/UnityAds.framework/Headers/UADSMediationMetaData.h") state(2)
Refreshing native plugins compatible for Editor in 0.62 ms, found 1 plugins.
Preloading 0 native plugins for Editor in 0.00 ms.
Unloading 2592 Unused Serialized files (Serialized files now loaded: 0)
System memory in use before: 118.8 MB.
System memory in use after: 104.4 MB.

Unloading 2602 unused Assets to reduce memory usage. Loaded Objects now: 492.
Total: 5.041724 ms (FindLiveObjects: 0.169740 ms CreateObjectMapping: 0.096381 ms MarkObjects: 1.562247 ms  DeleteObjects: 3.212749 ms)

AssetImportParameters requested are different than current active one (requested -> active):
  custom:video-decoder-ogg-theora: a1e56fd34408186e4bbccfd4996cb3dc -> 
  custom:container-muxer-webm: aa71ff27fc2769a1b78a27578f13a17b -> 
  custom:container-demuxer-webm: 4f35f7cbe854078d1ac9338744f61a02 -> 
  custom:container-demuxer-ogg: 62fdf1f143b41e24485cea50d1cbac27 -> 
  custom:video-encoder-webm-vp8: eb34c28f22e8b96e1ab97ce403110664 -> 
  custom:framework-osx-AVFoundation: e770b220cccbd017edd2c1fefb359320 -> 
  custom:video-decoder-webm-vp8: 9c59270c3fd7afecdb556c50c9e8de78 -> 
  custom:audio-decoder-ogg-vorbis: bf7c407c2cedff20999df2af8eb42d56 -> 
  custom:audio-encoder-webm-vorbis: bf7c407c2cedff20999df2af8eb42d56 -> 
========================================================================
Received Import Request.
  path: Assets/New Terrain.asset
  artifactKey: Guid(73b440883f8654bb0900c42b1782e323) Importer(815301076,1909f56bfc062723c751e8b465ee728b)
Start importing Assets/New Terrain.asset using Guid(73b440883f8654bb0900c42b1782e323) Importer(815301076,1909f56bfc062723c751e8b465ee728b)  -> (artifact id: '00000000000000000000000000000000') in 0.098382 seconds  code(4) message(Build asset version error: assets/new terrain.asset in SourceAssetDB has modification time of '2023-09-28T17:28:37Z' while content on disk has modification time of '2023-10-06T17:31:34Z')
  ERROR: Build asset version error: assets/new terrain.asset in SourceAssetDB has modification time of '2023-09-28T17:28:37Z' while content on disk has modification time of '2023-10-06T17:31:34Z'
  Import took 0.100932 seconds .

