Unity Editor version:    2020.3.27f1 (e759542391ea)
Branch:                  2020.3/release
Build type:              Release
Batch mode:              YES
macOS version:           Version 11.2.1 (Build 20D74)
Darwin version:          20.3.0
Architecture:            x86_64
Running under Rosetta:   NO
Available memory:        16384 MB
Using pre-set license
Pro License: NO

COMMAND LINE ARGUMENTS:
/Applications/2020.3.27f1/Unity.app/Contents/MacOS/Unity
-adb2
-batchMode
-noUpm
-name
AssetImportWorker0
-projectPath
/Users/game5/Documents/Seal-Team-26
-logFile
Logs/AssetImportWorker0.log
-srvPort
56195
Successfully changed project path to: /Users/game5/Documents/Seal-Team-26
Could not lock editor preferences. Preferences updates for this instance of Unity will not be saved./Users/game5/Documents/Seal-Team-26
Using Asset Import Pipeline V2.
Refreshing native plugins compatible for Editor in 36.31 ms, found 2 plugins.
Preloading 0 native plugins for Editor in 0.00 ms.
Initialize engine version: 2020.3.27f1 (e759542391ea)
[Subsystems] Discovering subsystems at path /Applications/2020.3.27f1/Unity.app/Contents/Resources/UnitySubsystems
[Subsystems] Discovering subsystems at path /Users/game5/Documents/Seal-Team-26/Assets
GfxDevice: creating device client; threaded=0
2023-09-27 12:56:15.311 Unity[29089:1455793] iMac preferred device: AMD Radeon Pro 5500 XT (high power)
2023-09-27 12:56:15.311 Unity[29089:1455793] Metal devices available: 1
2023-09-27 12:56:15.311 Unity[29089:1455793] 0: AMD Radeon Pro 5500 XT (high power)
2023-09-27 12:56:15.311 Unity[29089:1455793] Using device AMD Radeon Pro 5500 XT (high power)
Initializing Metal device caps: AMD Radeon Pro 5500 XT
Initialize mono
Mono path[0] = '/Applications/2020.3.27f1/Unity.app/Contents/Managed'
Mono path[1] = '/Applications/2020.3.27f1/Unity.app/Contents/MonoBleedingEdge/lib/mono/unityjit'
Mono config path = '/Applications/2020.3.27f1/Unity.app/Contents/MonoBleedingEdge/etc'
Using monoOptions --debugger-agent=transport=dt_socket,embedding=1,server=y,suspend=n,address=127.0.0.1:56089
Begin MonoManager ReloadAssembly
Registering precompiled unity dll's ...
Register platform support module: /Applications/2020.3.27f1/Unity.app/Contents/PlaybackEngines/MacStandaloneSupport/UnityEditor.OSXStandalone.Extensions.dll
Registered in 0.000435 seconds.
Native extension for OSXStandalone target not found
Refreshing native plugins compatible for Editor in 32.23 ms, found 2 plugins.
Preloading 0 native plugins for Editor in 0.00 ms.
Mono: successfully reloaded assembly
- Completed reload, in  0.524 seconds
Domain Reload Profiling:
	ReloadAssembly (524ms)
		BeginReloadAssembly (37ms)
			ExecutionOrderSort (0ms)
			DisableScriptedObjects (0ms)
			BackupInstance (0ms)
			ReleaseScriptingObjects (0ms)
			CreateAndSetChildDomain (1ms)
		EndReloadAssembly (422ms)
			LoadAssemblies (36ms)
			RebuildTransferFunctionScriptingTraits (0ms)
			SetupTypeCache (158ms)
			ReleaseScriptCaches (0ms)
			RebuildScriptCaches (33ms)
			SetupLoadedEditorAssemblies (160ms)
				LogAssemblyErrors (0ms)
				InitializePlatformSupportModulesInManaged (4ms)
				SetLoadedEditorAssemblies (0ms)
				RefreshPlugins (32ms)
				BeforeProcessingInitializeOnLoad (7ms)
				ProcessInitializeOnLoadAttributes (90ms)
				ProcessInitializeOnLoadMethodAttributes (26ms)
				AfterProcessingInitializeOnLoad (0ms)
				EditorAssembliesLoaded (0ms)
			ExecutionOrderSort2 (0ms)
			AwakeInstancesAfterBackupRestoration (0ms)
Platform modules already initialized, skipping
Registering precompiled user dll's ...
Registered in 0.002182 seconds.
Begin MonoManager ReloadAssembly
Native extension for OSXStandalone target not found
Refreshing native plugins compatible for Editor in 0.54 ms, found 2 plugins.
Preloading 0 native plugins for Editor in 0.00 ms.
Mono: successfully reloaded assembly
- Completed reload, in  0.988 seconds
Domain Reload Profiling:
	ReloadAssembly (989ms)
		BeginReloadAssembly (131ms)
			ExecutionOrderSort (0ms)
			DisableScriptedObjects (4ms)
			BackupInstance (0ms)
			ReleaseScriptingObjects (0ms)
			CreateAndSetChildDomain (24ms)
		EndReloadAssembly (804ms)
			LoadAssemblies (66ms)
			RebuildTransferFunctionScriptingTraits (0ms)
			SetupTypeCache (289ms)
			ReleaseScriptCaches (0ms)
			RebuildScriptCaches (46ms)
			SetupLoadedEditorAssemblies (305ms)
				LogAssemblyErrors (0ms)
				InitializePlatformSupportModulesInManaged (4ms)
				SetLoadedEditorAssemblies (0ms)
				RefreshPlugins (1ms)
				BeforeProcessingInitializeOnLoad (50ms)
				ProcessInitializeOnLoadAttributes (211ms)
				ProcessInitializeOnLoadMethodAttributes (39ms)
				AfterProcessingInitializeOnLoad (1ms)
				EditorAssembliesLoaded (0ms)
			ExecutionOrderSort2 (0ms)
			AwakeInstancesAfterBackupRestoration (6ms)
Platform modules already initialized, skipping
Validating Project structure ... 0.000185 seconds.
Shader import version has changed; will reimport all shaders...
Upgrading shader files ...0.000472 seconds.
Application.AssetDatabase Initial Script Refresh Start
RefreshInfo: InitialScriptRefreshV2(NoUpdateAssetOptions) scanfilter:  ... 1 filters
RefreshProfiler: Total: 0.000ms
Application.AssetDatabase Initial Script Refresh End
Application.AssetDatabase.Refresh Start
Application.AssetDatabase.Refresh End
RefreshInfo: StopAssetImportingV2(ForceSynchronousImport) scanfilter: 
RefreshProfiler: Total: 0.000ms
Launching external process: /Applications/2020.3.27f1/Unity.app/Contents/Tools/UnityShaderCompiler
Launched and connected shader compiler UnityShaderCompiler after 0.01 seconds
Initializing Unity extensions:
========================================================================
Worker process is ready to serve import requests
Refreshing native plugins compatible for Editor in 0.41 ms, found 2 plugins.
Preloading 0 native plugins for Editor in 0.00 ms.
Unloading 2129 Unused Serialized files (Serialized files now loaded: 0)
System memory in use before: 197.4 MB.
System memory in use after: 196.5 MB.

Unloading 136 unused Assets to reduce memory usage. Loaded Objects now: 2572.
Total: 4.960780 ms (FindLiveObjects: 0.146297 ms CreateObjectMapping: 0.066028 ms MarkObjects: 4.362379 ms  DeleteObjects: 0.385511 ms)

AssetImportParameters requested are different than current active one (requested -> active):
  custom:video-decoder-ogg-theora: a1e56fd34408186e4bbccfd4996cb3dc -> 
  custom:container-muxer-webm: aa71ff27fc2769a1b78a27578f13a17b -> 
  custom:container-demuxer-webm: 4f35f7cbe854078d1ac9338744f61a02 -> 
  custom:container-demuxer-ogg: 62fdf1f143b41e24485cea50d1cbac27 -> 
  custom:video-encoder-webm-vp8: eb34c28f22e8b96e1ab97ce403110664 -> 
  custom:framework-osx-AVFoundation: e770b220cccbd017edd2c1fefb359320 -> 
  custom:video-decoder-webm-vp8: 9c59270c3fd7afecdb556c50c9e8de78 -> 
  custom:audio-decoder-ogg-vorbis: bf7c407c2cedff20999df2af8eb42d56 -> 
  custom:audio-encoder-webm-vorbis: bf7c407c2cedff20999df2af8eb42d56 -> 
========================================================================
Received Import Request.
  path: Packages/com.unity.ugui
  artifactKey: Guid(8f7652e09069a1943278893d4264401e) Importer(815301076,1909f56bfc062723c751e8b465ee728b)
Start importing Packages/com.unity.ugui using Guid(8f7652e09069a1943278893d4264401e) Importer(815301076,1909f56bfc062723c751e8b465ee728b)  -> (artifact id: '9be8eef517426cf4e5d1ef023f0f7cab') in 0.003204 seconds 
  Import took 0.005404 seconds .

========================================================================
Received Import Request.
  Time since last request: 0.000169 seconds.
  path: Packages/com.unity.ugui/package.json
  artifactKey: Guid(319b8889f363f5947acf209c17a94149) Importer(815301076,1909f56bfc062723c751e8b465ee728b)
Start importing Packages/com.unity.ugui/package.json using Guid(319b8889f363f5947acf209c17a94149) Importer(815301076,1909f56bfc062723c751e8b465ee728b)  -> (artifact id: '39d1f12f0f4420a8b9dea50868bbb5d0') in 0.232983 seconds 
  Import took 0.238015 seconds .

========================================================================
Received Import Request.
  Time since last request: 0.000252 seconds.
  path: Packages/com.unity.xr.legacyinputhelpers
  artifactKey: Guid(9f273d1aeb919930a9018672d8e70f4b) Importer(815301076,1909f56bfc062723c751e8b465ee728b)
Start importing Packages/com.unity.xr.legacyinputhelpers using Guid(9f273d1aeb919930a9018672d8e70f4b) Importer(815301076,1909f56bfc062723c751e8b465ee728b)  -> (artifact id: '3c65148138327169e58be8f5e5528693') in 0.000898 seconds 
  Import took 0.004133 seconds .

========================================================================
Received Import Request.
  Time since last request: 2.560302 seconds.
  path: Packages/com.unity.ugui/Tests
  artifactKey: Guid(d850db319a63d2546932ff76fe55a498) Importer(815301076,1909f56bfc062723c751e8b465ee728b)
Start importing Packages/com.unity.ugui/Tests using Guid(d850db319a63d2546932ff76fe55a498) Importer(815301076,1909f56bfc062723c751e8b465ee728b)  -> (artifact id: '91d4ab76b00880fab187066cff3d5d77') in 0.001029 seconds 
  Import took 0.003645 seconds .

========================================================================
Received Import Request.
  Time since last request: 1.335852 seconds.
  path: Packages/com.unity.ugui/Runtime/UnityEngine.UI.asmdef
  artifactKey: Guid(2bafac87e7f4b9b418d9448d219b01ab) Importer(815301076,1909f56bfc062723c751e8b465ee728b)
Start importing Packages/com.unity.ugui/Runtime/UnityEngine.UI.asmdef using Guid(2bafac87e7f4b9b418d9448d219b01ab) Importer(815301076,1909f56bfc062723c751e8b465ee728b)  -> (artifact id: '13113e9364e6a0fa363eadb8296f871e') in 0.739397 seconds 
  Import took 0.745512 seconds .

========================================================================
Received Import Request.
  Time since last request: 0.381727 seconds.
  path: Packages/com.unity.ugui/Editor/UnityEditor.UI.asmdef
  artifactKey: Guid(343deaaf83e0cee4ca978e7df0b80d21) Importer(815301076,1909f56bfc062723c751e8b465ee728b)
Start importing Packages/com.unity.ugui/Editor/UnityEditor.UI.asmdef using Guid(343deaaf83e0cee4ca978e7df0b80d21) Importer(815301076,1909f56bfc062723c751e8b465ee728b)  -> (artifact id: 'b6729f57df2b31e1ee16d37afa663e95') in 0.002865 seconds 
  Import took 0.005757 seconds .

========================================================================
Received Import Request.
  Time since last request: 2.067281 seconds.
  path: Packages/com.unity.timeline/package.json
  artifactKey: Guid(13a9c1b4df2e489e8eb9cacca7429596) Importer(815301076,1909f56bfc062723c751e8b465ee728b)
Start importing Packages/com.unity.timeline/package.json using Guid(13a9c1b4df2e489e8eb9cacca7429596) Importer(815301076,1909f56bfc062723c751e8b465ee728b)  -> (artifact id: '82c6c08db8f434b9305b26de0687e812') in 0.004353 seconds 
  Import took 0.007095 seconds .

========================================================================
Received Import Request.
  Time since last request: 197.370296 seconds.
  path: Packages/com.unity.timeline/CHANGELOG.md
  artifactKey: Guid(4a0757ee0236f39489520769ae710288) Importer(815301076,1909f56bfc062723c751e8b465ee728b)
Start importing Packages/com.unity.timeline/CHANGELOG.md using Guid(4a0757ee0236f39489520769ae710288) Importer(815301076,1909f56bfc062723c751e8b465ee728b)  -> (artifact id: '60abf0519ec5026280326daa50ecbd6a') in 0.228166 seconds 
  Import took 0.233370 seconds .

========================================================================
Received Prepare
Registering precompiled user dll's ...
Registered in 0.004058 seconds.
Begin MonoManager ReloadAssembly
Native extension for OSXStandalone target not found
Refreshing native plugins compatible for Editor in 0.59 ms, found 2 plugins.
Preloading 0 native plugins for Editor in 0.00 ms.
Mono: successfully reloaded assembly
- Completed reload, in  0.994 seconds
Domain Reload Profiling:
	ReloadAssembly (994ms)
		BeginReloadAssembly (104ms)
			ExecutionOrderSort (0ms)
			DisableScriptedObjects (5ms)
			BackupInstance (0ms)
			ReleaseScriptingObjects (0ms)
			CreateAndSetChildDomain (48ms)
		EndReloadAssembly (837ms)
			LoadAssemblies (65ms)
			RebuildTransferFunctionScriptingTraits (0ms)
			SetupTypeCache (290ms)
			ReleaseScriptCaches (1ms)
			RebuildScriptCaches (45ms)
			SetupLoadedEditorAssemblies (337ms)
				LogAssemblyErrors (0ms)
				InitializePlatformSupportModulesInManaged (3ms)
				SetLoadedEditorAssemblies (0ms)
				RefreshPlugins (1ms)
				BeforeProcessingInitializeOnLoad (95ms)
				ProcessInitializeOnLoadAttributes (202ms)
				ProcessInitializeOnLoadMethodAttributes (35ms)
				AfterProcessingInitializeOnLoad (1ms)
				EditorAssembliesLoaded (0ms)
			ExecutionOrderSort2 (0ms)
			AwakeInstancesAfterBackupRestoration (6ms)
Platform modules already initialized, skipping
Refreshing native plugins compatible for Editor in 0.64 ms, found 2 plugins.
Preloading 0 native plugins for Editor in 0.00 ms.
Unloading 2483 Unused Serialized files (Serialized files now loaded: 0)
System memory in use before: 227.0 MB.
System memory in use after: 224.8 MB.

Unloading 73 unused Assets to reduce memory usage. Loaded Objects now: 2914.
Total: 6.459906 ms (FindLiveObjects: 0.198064 ms CreateObjectMapping: 0.107110 ms MarkObjects: 4.901498 ms  DeleteObjects: 1.252505 ms)

AssetImportParameters requested are different than current active one (requested -> active):
  custom:video-decoder-ogg-theora: a1e56fd34408186e4bbccfd4996cb3dc -> 
  custom:container-muxer-webm: aa71ff27fc2769a1b78a27578f13a17b -> 
  custom:container-demuxer-webm: 4f35f7cbe854078d1ac9338744f61a02 -> 
  custom:container-demuxer-ogg: 62fdf1f143b41e24485cea50d1cbac27 -> 
  custom:video-encoder-webm-vp8: eb34c28f22e8b96e1ab97ce403110664 -> 
  custom:framework-osx-AVFoundation: e770b220cccbd017edd2c1fefb359320 -> 
  custom:video-decoder-webm-vp8: 9c59270c3fd7afecdb556c50c9e8de78 -> 
  custom:audio-decoder-ogg-vorbis: bf7c407c2cedff20999df2af8eb42d56 -> 
  custom:audio-encoder-webm-vorbis: bf7c407c2cedff20999df2af8eb42d56 -> 
========================================================================
Received Prepare
Registering precompiled user dll's ...
Registered in 0.002175 seconds.
Begin MonoManager ReloadAssembly
Native extension for OSXStandalone target not found
Refreshing native plugins compatible for Editor in 0.60 ms, found 2 plugins.
Preloading 0 native plugins for Editor in 0.00 ms.
Mono: successfully reloaded assembly
- Completed reload, in  1.004 seconds
Domain Reload Profiling:
	ReloadAssembly (1004ms)
		BeginReloadAssembly (113ms)
			ExecutionOrderSort (0ms)
			DisableScriptedObjects (5ms)
			BackupInstance (0ms)
			ReleaseScriptingObjects (0ms)
			CreateAndSetChildDomain (53ms)
		EndReloadAssembly (838ms)
			LoadAssemblies (66ms)
			RebuildTransferFunctionScriptingTraits (0ms)
			SetupTypeCache (288ms)
			ReleaseScriptCaches (1ms)
			RebuildScriptCaches (47ms)
			SetupLoadedEditorAssemblies (338ms)
				LogAssemblyErrors (0ms)
				InitializePlatformSupportModulesInManaged (4ms)
				SetLoadedEditorAssemblies (0ms)
				RefreshPlugins (1ms)
				BeforeProcessingInitializeOnLoad (98ms)
				ProcessInitializeOnLoadAttributes (200ms)
				ProcessInitializeOnLoadMethodAttributes (34ms)
				AfterProcessingInitializeOnLoad (1ms)
				EditorAssembliesLoaded (0ms)
			ExecutionOrderSort2 (0ms)
			AwakeInstancesAfterBackupRestoration (6ms)
Platform modules already initialized, skipping
Refreshing native plugins compatible for Editor in 0.58 ms, found 2 plugins.
Preloading 0 native plugins for Editor in 0.00 ms.
Unloading 2588 Unused Serialized files (Serialized files now loaded: 0)
System memory in use before: 230.9 MB.
System memory in use after: 228.7 MB.

Unloading 76 unused Assets to reduce memory usage. Loaded Objects now: 3018.
Total: 5.792434 ms (FindLiveObjects: 0.177672 ms CreateObjectMapping: 0.101293 ms MarkObjects: 4.264375 ms  DeleteObjects: 1.248440 ms)

AssetImportParameters requested are different than current active one (requested -> active):
  custom:video-decoder-ogg-theora: a1e56fd34408186e4bbccfd4996cb3dc -> 
  custom:container-muxer-webm: aa71ff27fc2769a1b78a27578f13a17b -> 
  custom:container-demuxer-webm: 4f35f7cbe854078d1ac9338744f61a02 -> 
  custom:container-demuxer-ogg: 62fdf1f143b41e24485cea50d1cbac27 -> 
  custom:video-encoder-webm-vp8: eb34c28f22e8b96e1ab97ce403110664 -> 
  custom:framework-osx-AVFoundation: e770b220cccbd017edd2c1fefb359320 -> 
  custom:video-decoder-webm-vp8: 9c59270c3fd7afecdb556c50c9e8de78 -> 
  custom:audio-decoder-ogg-vorbis: bf7c407c2cedff20999df2af8eb42d56 -> 
  custom:audio-encoder-webm-vorbis: bf7c407c2cedff20999df2af8eb42d56 -> 
========================================================================
Received Import Request.
  Time since last request: 805.851030 seconds.
  path: Assets/SkySeries Freebie/6sidedCosmicCoolCloud.mat
  artifactKey: Guid(f531e09e2ad2fb440b4eed7605863143) Importer(815301076,1909f56bfc062723c751e8b465ee728b)
Start importing Assets/SkySeries Freebie/6sidedCosmicCoolCloud.mat using Guid(f531e09e2ad2fb440b4eed7605863143) Importer(815301076,1909f56bfc062723c751e8b465ee728b)  -> (artifact id: 'b1b046ddc0e4077874edbb005c19bf87') in 0.769684 seconds 
  Import took 0.775999 seconds .

========================================================================
Received Import Request.
  Time since last request: 0.000212 seconds.
  path: Assets/SkySeries Freebie/HighFantasy.mat
  artifactKey: Guid(e2341a9d03e86ec4290c72b1e22bbc7c) Importer(815301076,1909f56bfc062723c751e8b465ee728b)
Start importing Assets/SkySeries Freebie/HighFantasy.mat using Guid(e2341a9d03e86ec4290c72b1e22bbc7c) Importer(815301076,1909f56bfc062723c751e8b465ee728b)  -> (artifact id: '82bee763adfed6c82d89f96ef9910a52') in 0.114878 seconds 
  Import took 0.119882 seconds .

========================================================================
Received Import Request.
  Time since last request: 0.000152 seconds.
  path: Assets/SkySeries Freebie/UnderTheSea4k.mat
  artifactKey: Guid(119ec07f1c7ed204db46bd8465fd5a50) Importer(815301076,1909f56bfc062723c751e8b465ee728b)
Start importing Assets/SkySeries Freebie/UnderTheSea4k.mat using Guid(119ec07f1c7ed204db46bd8465fd5a50) Importer(815301076,1909f56bfc062723c751e8b465ee728b)  -> (artifact id: 'b606b76721732f50d3417e69106a8d47') in 0.043994 seconds 
  Import took 0.049575 seconds .

========================================================================
Received Import Request.
  Time since last request: 0.000362 seconds.
  path: Assets/SkySeries Freebie/UnearthlyRed.mat
  artifactKey: Guid(5d133deeaa66ed445853e946ff25e073) Importer(815301076,1909f56bfc062723c751e8b465ee728b)
Start importing Assets/SkySeries Freebie/UnearthlyRed.mat using Guid(5d133deeaa66ed445853e946ff25e073) Importer(815301076,1909f56bfc062723c751e8b465ee728b)  -> (artifact id: '5ea4f455728f14d9d02bbc292f4cc81d') in 0.041962 seconds 
  Import took 0.047418 seconds .

========================================================================
Received Import Request.
  Time since last request: 0.000254 seconds.
  path: Assets/SkySeries Freebie/SunlessCirruscover.mat
  artifactKey: Guid(4e154bf235e41704bbd6bbc6fd6c63f6) Importer(815301076,1909f56bfc062723c751e8b465ee728b)
Start importing Assets/SkySeries Freebie/SunlessCirruscover.mat using Guid(4e154bf235e41704bbd6bbc6fd6c63f6) Importer(815301076,1909f56bfc062723c751e8b465ee728b)  -> (artifact id: '18034c97316bac683443f8e940296eea') in 0.041199 seconds 
  Import took 0.046459 seconds .

========================================================================
Received Import Request.
  Time since last request: 0.000160 seconds.
  path: Assets/SkySeries Freebie/6SidedMegaSun.mat
  artifactKey: Guid(c52c5d7968fa6c9499b0b5752f899bfb) Importer(815301076,1909f56bfc062723c751e8b465ee728b)
Start importing Assets/SkySeries Freebie/6SidedMegaSun.mat using Guid(c52c5d7968fa6c9499b0b5752f899bfb) Importer(815301076,1909f56bfc062723c751e8b465ee728b)  -> (artifact id: '3dbf19f24242be81e2234e741647b362') in 0.017868 seconds 
  Import took 0.020696 seconds .

========================================================================
Received Import Request.
  Time since last request: 0.000149 seconds.
  path: Assets/SkySeries Freebie/DayInTheClouds.mat
  artifactKey: Guid(3e5399bd195de7649b874f58c1b9f8a3) Importer(815301076,1909f56bfc062723c751e8b465ee728b)
Start importing Assets/SkySeries Freebie/DayInTheClouds.mat using Guid(3e5399bd195de7649b874f58c1b9f8a3) Importer(815301076,1909f56bfc062723c751e8b465ee728b)  -> (artifact id: 'd1cc8f7842a1b47bca1d8d8c8c510f51') in 0.041518 seconds 
  Import took 0.046564 seconds .

========================================================================
Received Import Request.
  Time since last request: 0.000157 seconds.
  path: Assets/SkySeries Freebie/6SidedFluffball.mat
  artifactKey: Guid(efd1c33efd2d58340b88804268e6833f) Importer(815301076,1909f56bfc062723c751e8b465ee728b)
Start importing Assets/SkySeries Freebie/6SidedFluffball.mat using Guid(efd1c33efd2d58340b88804268e6833f) Importer(815301076,1909f56bfc062723c751e8b465ee728b)  -> (artifact id: '8f42972053c7a1bceb9366cd91aa2306') in 0.015868 seconds 
  Import took 0.018890 seconds .

========================================================================
Received Import Request.
  Time since last request: 0.000154 seconds.
  path: Assets/SkySeries Freebie/Cloudymorning.mat
  artifactKey: Guid(d9dca9ae1786c394f9e79c637aa9a7bf) Importer(815301076,1909f56bfc062723c751e8b465ee728b)
Start importing Assets/SkySeries Freebie/Cloudymorning.mat using Guid(d9dca9ae1786c394f9e79c637aa9a7bf) Importer(815301076,1909f56bfc062723c751e8b465ee728b)  -> (artifact id: '0627da734d0513522b4376b16f295739') in 0.041322 seconds 
  Import took 0.047038 seconds .

========================================================================
Received Import Request.
  Time since last request: 0.000137 seconds.
  path: Assets/SkySeries Freebie/CoriolisNight4k.mat
  artifactKey: Guid(d4454f71d85928744be7771e2143dab7) Importer(815301076,1909f56bfc062723c751e8b465ee728b)
Start importing Assets/SkySeries Freebie/CoriolisNight4k.mat using Guid(d4454f71d85928744be7771e2143dab7) Importer(815301076,1909f56bfc062723c751e8b465ee728b)  -> (artifact id: '23435ef45c6cbd62c6aa6f18353635af') in 0.040881 seconds 
  Import took 0.046190 seconds .

========================================================================
Received Import Request.
  Time since last request: 0.000158 seconds.
  path: Assets/SkySeries Freebie/SkyhighFluffycloudField.mat
  artifactKey: Guid(f15c336556dd74f40aaca655f7767970) Importer(815301076,1909f56bfc062723c751e8b465ee728b)
Start importing Assets/SkySeries Freebie/SkyhighFluffycloudField.mat using Guid(f15c336556dd74f40aaca655f7767970) Importer(815301076,1909f56bfc062723c751e8b465ee728b)  -> (artifact id: '3ed7526563c3df9823d4f41d14673672') in 0.043315 seconds 
  Import took 0.048566 seconds .

========================================================================
Received Import Request.
  Time since last request: 0.000151 seconds.
  path: Assets/SkySeries Freebie/PlanetaryEarth.mat
  artifactKey: Guid(16bc8a9d5451ca44d8f70575adbece3a) Importer(815301076,1909f56bfc062723c751e8b465ee728b)
Start importing Assets/SkySeries Freebie/PlanetaryEarth.mat using Guid(16bc8a9d5451ca44d8f70575adbece3a) Importer(815301076,1909f56bfc062723c751e8b465ee728b)  -> (artifact id: 'c5abe11271b54330eaf8687e87a2e6a2') in 0.041955 seconds 
  Import took 0.047822 seconds .

========================================================================
Received Import Request.
  Time since last request: 0.000153 seconds.
  path: Assets/SkySeries Freebie/DarkStorm.mat
  artifactKey: Guid(2039a0ad0a9d05549928b70362f54902) Importer(815301076,1909f56bfc062723c751e8b465ee728b)
Start importing Assets/SkySeries Freebie/DarkStorm.mat using Guid(2039a0ad0a9d05549928b70362f54902) Importer(815301076,1909f56bfc062723c751e8b465ee728b)  -> (artifact id: '1da137d6021bc6c1daeccc14594cd289') in 0.045087 seconds 
  Import took 0.050547 seconds .

========================================================================
Received Import Request.
  Time since last request: 0.000159 seconds.
  path: Assets/SkySeries Freebie/CosmicCoolCloud_Eq.mat
  artifactKey: Guid(369b9ebe3a62b904dbc19bd332b44086) Importer(815301076,1909f56bfc062723c751e8b465ee728b)
Start importing Assets/SkySeries Freebie/CosmicCoolCloud_Eq.mat using Guid(369b9ebe3a62b904dbc19bd332b44086) Importer(815301076,1909f56bfc062723c751e8b465ee728b)  -> (artifact id: 'd67b4dc1fe69154254a1440c4b4db4fe') in 0.032898 seconds 
  Import took 0.037324 seconds .

========================================================================
Received Import Request.
  Time since last request: 0.000167 seconds.
  path: Assets/SkySeries Freebie/AmbienceExposure.mat
  artifactKey: Guid(72deae4d18418f94688abef8e8483df0) Importer(815301076,1909f56bfc062723c751e8b465ee728b)
Start importing Assets/SkySeries Freebie/AmbienceExposure.mat using Guid(72deae4d18418f94688abef8e8483df0) Importer(815301076,1909f56bfc062723c751e8b465ee728b)  -> (artifact id: '2e983f5e0c8f29c97609cde8c9dd75f8') in 0.042359 seconds 
  Import took 0.047423 seconds .

========================================================================
Received Import Request.
  Time since last request: 0.000141 seconds.
  path: Assets/SkySeries Freebie/CloudedSunGlow.mat
  artifactKey: Guid(e391f00234292cc4f935308c11cf0e54) Importer(815301076,1909f56bfc062723c751e8b465ee728b)
Start importing Assets/SkySeries Freebie/CloudedSunGlow.mat using Guid(e391f00234292cc4f935308c11cf0e54) Importer(815301076,1909f56bfc062723c751e8b465ee728b)  -> (artifact id: 'f2e719551e499d1d735167dad7624401') in 0.043399 seconds 
  Import took 0.048755 seconds .

========================================================================
Received Import Request.
  Time since last request: 0.000158 seconds.
  path: Assets/SkySeries Freebie/FluffballDay.mat
  artifactKey: Guid(20d4f77b9022eab48b4d94599ed4bf82) Importer(815301076,1909f56bfc062723c751e8b465ee728b)
Start importing Assets/SkySeries Freebie/FluffballDay.mat using Guid(20d4f77b9022eab48b4d94599ed4bf82) Importer(815301076,1909f56bfc062723c751e8b465ee728b)  -> (artifact id: 'b06b6139fe3b2daa00ce55352cda93b0') in 0.040043 seconds 
  Import took 0.045392 seconds .

========================================================================
Received Import Request.
  Time since last request: 0.000157 seconds.
  path: Assets/SkySeries Freebie/CasualDay.mat
  artifactKey: Guid(85cf0b004bc4a654b9e501efcce47902) Importer(815301076,1909f56bfc062723c751e8b465ee728b)
Start importing Assets/SkySeries Freebie/CasualDay.mat using Guid(85cf0b004bc4a654b9e501efcce47902) Importer(815301076,1909f56bfc062723c751e8b465ee728b)  -> (artifact id: '1f9b43e7effc0f135c3b7cf6552efdfc') in 0.045044 seconds 
  Import took 0.050539 seconds .

========================================================================
Received Import Request.
  Time since last request: 0.000157 seconds.
  path: Assets/SkySeries Freebie/MegaSun.mat
  artifactKey: Guid(cede08c9fc471e64884909cd4bbeaf59) Importer(815301076,1909f56bfc062723c751e8b465ee728b)
Start importing Assets/SkySeries Freebie/MegaSun.mat using Guid(cede08c9fc471e64884909cd4bbeaf59) Importer(815301076,1909f56bfc062723c751e8b465ee728b)  -> (artifact id: '35c4ccddb3249b5802c63fc5ada5e51a') in 0.041947 seconds 
  Import took 0.047317 seconds .

========================================================================
Received Import Request.
  Time since last request: 382.296057 seconds.
  path: Assets/SkySeries Freebie
  artifactKey: Guid(c297498f2dec84c66ad1f68dbc4b8943) Importer(815301076,1909f56bfc062723c751e8b465ee728b)
Start importing Assets/SkySeries Freebie using Guid(c297498f2dec84c66ad1f68dbc4b8943) Importer(815301076,1909f56bfc062723c751e8b465ee728b)  -> (artifact id: 'fa32bc6b753bbf16deed9c1aa674c3b9') in 0.001051 seconds 
  Import took 0.004350 seconds .

========================================================================
Received Import Request.
  Time since last request: 4.450594 seconds.
  path: Assets/SkySeries Freebie/New Folder
  artifactKey: Guid(fd91276b7362c47139679d12d74593a0) Importer(815301076,1909f56bfc062723c751e8b465ee728b)
Start importing Assets/SkySeries Freebie/New Folder using Guid(fd91276b7362c47139679d12d74593a0) Importer(815301076,1909f56bfc062723c751e8b465ee728b)  -> (artifact id: 'f7af3ac9b17e39e32aa29f1de973a369') in 0.002257 seconds 
  Import took 0.005155 seconds .

========================================================================
Received Import Request.
  Time since last request: 19.255255 seconds.
  path: Assets/Tree.prefab
  artifactKey: Guid(38c958fb580484528a73019542034d0c) Importer(815301076,1909f56bfc062723c751e8b465ee728b)
Start importing Assets/Tree.prefab using Guid(38c958fb580484528a73019542034d0c) Importer(815301076,1909f56bfc062723c751e8b465ee728b)  -> (artifact id: 'a8c683ec60a2cffc8cad23a42c5fcf37') in 0.717018 seconds 
  Import took 0.722218 seconds .

========================================================================
Received Import Request.
  Time since last request: 6.873150 seconds.
  path: Assets/materials
  artifactKey: Guid(7c4897b397fc04697828d7b1e33a8f2f) Importer(815301076,1909f56bfc062723c751e8b465ee728b)
Start importing Assets/materials using Guid(7c4897b397fc04697828d7b1e33a8f2f) Importer(815301076,1909f56bfc062723c751e8b465ee728b)  -> (artifact id: '2271027444cfc446fc1f82b0223fae49') in 0.001952 seconds 
  Import took 0.005036 seconds .

========================================================================
Received Import Request.
  Time since last request: 10.762606 seconds.
  path: Assets/Scripts
  artifactKey: Guid(a8cb97358184349958f62a1d6227cd5f) Importer(815301076,1909f56bfc062723c751e8b465ee728b)
Start importing Assets/Scripts using Guid(a8cb97358184349958f62a1d6227cd5f) Importer(815301076,1909f56bfc062723c751e8b465ee728b)  -> (artifact id: '27269df535928507c95a9626c4e722c8') in 0.001643 seconds 
  Import took 0.004931 seconds .

========================================================================
Received Import Request.
  Time since last request: 11.607621 seconds.
  path: Assets/materials/Ground.mat
  artifactKey: Guid(01c0a00db925946a9a00764c8bbc703d) Importer(815301076,1909f56bfc062723c751e8b465ee728b)
Start importing Assets/materials/Ground.mat using Guid(01c0a00db925946a9a00764c8bbc703d) Importer(815301076,1909f56bfc062723c751e8b465ee728b)  -> (artifact id: 'c5cfd227a6b223526fc6da5bd3632dd1') in 0.034599 seconds 
  Import took 0.038081 seconds .

========================================================================
Received Import Request.
  Time since last request: 82.838626 seconds.
  path: Assets/materials/Trees.mat
  artifactKey: Guid(0eaf4f1ccd5554ea685fab6b92c0f1bd) Importer(815301076,1909f56bfc062723c751e8b465ee728b)
Start importing Assets/materials/Trees.mat using Guid(0eaf4f1ccd5554ea685fab6b92c0f1bd) Importer(815301076,1909f56bfc062723c751e8b465ee728b)  -> (artifact id: 'a08ec95de83addd3521aa3755e7290a8') in 0.009085 seconds 
  Import took 0.012417 seconds .

========================================================================
Received Import Request.
  Time since last request: 19.430919 seconds.
  path: Assets/Prefabs
  artifactKey: Guid(6f456600e97044b45841a41e37ccf695) Importer(815301076,1909f56bfc062723c751e8b465ee728b)
Start importing Assets/Prefabs using Guid(6f456600e97044b45841a41e37ccf695) Importer(815301076,1909f56bfc062723c751e8b465ee728b)  -> (artifact id: 'b0fb5e43b9c2d25b63b31beb14b9ce3a') in 0.001703 seconds 
  Import took 0.004653 seconds .

========================================================================
Received Import Request.
  Time since last request: 19.278040 seconds.
  path: Assets/Prefabs/Tree.prefab
  artifactKey: Guid(38c958fb580484528a73019542034d0c) Importer(815301076,1909f56bfc062723c751e8b465ee728b)
Start importing Assets/Prefabs/Tree.prefab using Guid(38c958fb580484528a73019542034d0c) Importer(815301076,1909f56bfc062723c751e8b465ee728b)  -> (artifact id: '0261170c08a4641bc45b9a7ddd785beb') in 0.019777 seconds 
  Import took 0.023160 seconds .

========================================================================
Received Import Request.
  Time since last request: 3.838836 seconds.
  path: Assets/Prefabs/Tree.prefab
  artifactKey: Guid(38c958fb580484528a73019542034d0c) Importer(815301076,1909f56bfc062723c751e8b465ee728b)
Start importing Assets/Prefabs/Tree.prefab using Guid(38c958fb580484528a73019542034d0c) Importer(815301076,1909f56bfc062723c751e8b465ee728b)  -> (artifact id: 'c0aa9ae08a0256c78e9842e992c72c12') in 0.021660 seconds 
  Import took 0.025003 seconds .

========================================================================
Received Import Request.
  Time since last request: 6.767115 seconds.
  path: Assets/Prefabs/Tree.prefab
  artifactKey: Guid(38c958fb580484528a73019542034d0c) Importer(815301076,1909f56bfc062723c751e8b465ee728b)
Start importing Assets/Prefabs/Tree.prefab using Guid(38c958fb580484528a73019542034d0c) Importer(815301076,1909f56bfc062723c751e8b465ee728b)  -> (artifact id: 'c069d5d0eedf936f8a53e6f32bddd648') in 0.019090 seconds 
  Import took 0.023105 seconds .

========================================================================
Received Import Request.
  Time since last request: 24.695269 seconds.
  path: Assets/Prefabs/Tree.prefab
  artifactKey: Guid(38c958fb580484528a73019542034d0c) Importer(815301076,1909f56bfc062723c751e8b465ee728b)
Start importing Assets/Prefabs/Tree.prefab using Guid(38c958fb580484528a73019542034d0c) Importer(815301076,1909f56bfc062723c751e8b465ee728b)  -> (artifact id: 'a8dc0a5a2297147ef788d7c23d212ab6') in 0.018526 seconds 
  Import took 0.021920 seconds .

========================================================================
Received Import Request.
  Time since last request: 2.810820 seconds.
  path: Assets/Prefabs/Tree.prefab
  artifactKey: Guid(38c958fb580484528a73019542034d0c) Importer(815301076,1909f56bfc062723c751e8b465ee728b)
Start importing Assets/Prefabs/Tree.prefab using Guid(38c958fb580484528a73019542034d0c) Importer(815301076,1909f56bfc062723c751e8b465ee728b)  -> (artifact id: 'b8d313f665ef22d4faa3399079df169c') in 0.018098 seconds 
  Import took 0.021703 seconds .

========================================================================
Received Import Request.
  Time since last request: 2.376751 seconds.
  path: Assets/Prefabs/Tree.prefab
  artifactKey: Guid(38c958fb580484528a73019542034d0c) Importer(815301076,1909f56bfc062723c751e8b465ee728b)
Start importing Assets/Prefabs/Tree.prefab using Guid(38c958fb580484528a73019542034d0c) Importer(815301076,1909f56bfc062723c751e8b465ee728b)  -> (artifact id: '06aefa103709a313c42a6ba5a2c03249') in 0.018963 seconds 
  Import took 0.022371 seconds .

========================================================================
Received Import Request.
  Time since last request: 3.930487 seconds.
  path: Assets/Prefabs/Tree.prefab
  artifactKey: Guid(38c958fb580484528a73019542034d0c) Importer(815301076,1909f56bfc062723c751e8b465ee728b)
Start importing Assets/Prefabs/Tree.prefab using Guid(38c958fb580484528a73019542034d0c) Importer(815301076,1909f56bfc062723c751e8b465ee728b)  -> (artifact id: 'dfa51c52041e5e03c4afea05e4853a2a') in 0.018275 seconds 
  Import took 0.021856 seconds .

========================================================================
Received Import Request.
  Time since last request: 14.590640 seconds.
  path: Assets/Prefabs/Tree.prefab
  artifactKey: Guid(38c958fb580484528a73019542034d0c) Importer(815301076,1909f56bfc062723c751e8b465ee728b)
Start importing Assets/Prefabs/Tree.prefab using Guid(38c958fb580484528a73019542034d0c) Importer(815301076,1909f56bfc062723c751e8b465ee728b)  -> (artifact id: 'c0298123fe03d47938faa7b17f37cf4d') in 0.020721 seconds 
  Import took 0.023971 seconds .

========================================================================
Received Import Request.
  Time since last request: 3.382253 seconds.
  path: Assets/Prefabs/Tree.prefab
  artifactKey: Guid(38c958fb580484528a73019542034d0c) Importer(815301076,1909f56bfc062723c751e8b465ee728b)
Start importing Assets/Prefabs/Tree.prefab using Guid(38c958fb580484528a73019542034d0c) Importer(815301076,1909f56bfc062723c751e8b465ee728b)  -> (artifact id: '1a906b1db08fdd0436d2d46ea352aa61') in 0.019586 seconds 
  Import took 0.023346 seconds .

========================================================================
Received Import Request.
  Time since last request: 6.784643 seconds.
  path: Assets/Prefabs/Tree.prefab
  artifactKey: Guid(38c958fb580484528a73019542034d0c) Importer(815301076,1909f56bfc062723c751e8b465ee728b)
Start importing Assets/Prefabs/Tree.prefab using Guid(38c958fb580484528a73019542034d0c) Importer(815301076,1909f56bfc062723c751e8b465ee728b)  -> (artifact id: 'a8c58aea039b7c1315ba27026bb47610') in 0.019775 seconds 
  Import took 0.023128 seconds .

========================================================================
Received Import Request.
  Time since last request: 16.397026 seconds.
  path: Assets/Prefabs/Tree.prefab
  artifactKey: Guid(38c958fb580484528a73019542034d0c) Importer(815301076,1909f56bfc062723c751e8b465ee728b)
Start importing Assets/Prefabs/Tree.prefab using Guid(38c958fb580484528a73019542034d0c) Importer(815301076,1909f56bfc062723c751e8b465ee728b)  -> (artifact id: '4e6130fe4565b086d921b52b9904f239') in 0.017733 seconds 
  Import took 0.021198 seconds .

========================================================================
Received Import Request.
  Time since last request: 3.652167 seconds.
  path: Assets/Prefabs/Tree.prefab
  artifactKey: Guid(38c958fb580484528a73019542034d0c) Importer(815301076,1909f56bfc062723c751e8b465ee728b)
Start importing Assets/Prefabs/Tree.prefab using Guid(38c958fb580484528a73019542034d0c) Importer(815301076,1909f56bfc062723c751e8b465ee728b)  -> (artifact id: 'dd4859d558b454efc38356681a580dac') in 0.019131 seconds 
  Import took 0.022465 seconds .

========================================================================
Received Import Request.
  Time since last request: 2.004446 seconds.
  path: Assets/Prefabs/Tree.prefab
  artifactKey: Guid(38c958fb580484528a73019542034d0c) Importer(815301076,1909f56bfc062723c751e8b465ee728b)
Start importing Assets/Prefabs/Tree.prefab using Guid(38c958fb580484528a73019542034d0c) Importer(815301076,1909f56bfc062723c751e8b465ee728b)  -> (artifact id: '40362fc6417bd3056359d4771b889f34') in 0.022308 seconds 
  Import took 0.025839 seconds .

========================================================================
Received Import Request.
  Time since last request: 1.002450 seconds.
  path: Assets/Prefabs/Tree.prefab
  artifactKey: Guid(38c958fb580484528a73019542034d0c) Importer(815301076,1909f56bfc062723c751e8b465ee728b)
Start importing Assets/Prefabs/Tree.prefab using Guid(38c958fb580484528a73019542034d0c) Importer(815301076,1909f56bfc062723c751e8b465ee728b)  -> (artifact id: '2bba813531452c10ee5eddb5ad5283a7') in 0.017369 seconds 
  Import took 0.020928 seconds .

========================================================================
Received Import Request.
  Time since last request: 1.178572 seconds.
  path: Assets/Prefabs/Tree.prefab
  artifactKey: Guid(38c958fb580484528a73019542034d0c) Importer(815301076,1909f56bfc062723c751e8b465ee728b)
Start importing Assets/Prefabs/Tree.prefab using Guid(38c958fb580484528a73019542034d0c) Importer(815301076,1909f56bfc062723c751e8b465ee728b)  -> (artifact id: 'e3d270706da46294220b0d393448a0f9') in 0.017594 seconds 
  Import took 0.021534 seconds .

========================================================================
Received Import Request.
  Time since last request: 0.732923 seconds.
  path: Assets/Prefabs/Tree.prefab
  artifactKey: Guid(38c958fb580484528a73019542034d0c) Importer(815301076,1909f56bfc062723c751e8b465ee728b)
Start importing Assets/Prefabs/Tree.prefab using Guid(38c958fb580484528a73019542034d0c) Importer(815301076,1909f56bfc062723c751e8b465ee728b)  -> (artifact id: 'b5a0a77756a487f8942fc526ed15de22') in 0.017567 seconds 
  Import took 0.020834 seconds .

========================================================================
Received Import Request.
  Time since last request: 2.103845 seconds.
  path: Assets/Prefabs/Tree.prefab
  artifactKey: Guid(38c958fb580484528a73019542034d0c) Importer(815301076,1909f56bfc062723c751e8b465ee728b)
Start importing Assets/Prefabs/Tree.prefab using Guid(38c958fb580484528a73019542034d0c) Importer(815301076,1909f56bfc062723c751e8b465ee728b)  -> (artifact id: 'bdaabdffbe330f4415e64e4c0b351baf') in 0.019989 seconds 
  Import took 0.023261 seconds .

========================================================================
Received Import Request.
  Time since last request: 6.546987 seconds.
  path: Assets/Prefabs/Tree.prefab
  artifactKey: Guid(38c958fb580484528a73019542034d0c) Importer(815301076,1909f56bfc062723c751e8b465ee728b)
Start importing Assets/Prefabs/Tree.prefab using Guid(38c958fb580484528a73019542034d0c) Importer(815301076,1909f56bfc062723c751e8b465ee728b)  -> (artifact id: '5948cb64e4846ba9b67f55ede921d4d0') in 0.018590 seconds 
  Import took 0.022148 seconds .

========================================================================
Received Import Request.
  Time since last request: 4.370333 seconds.
  path: Assets/Prefabs/Tree.prefab
  artifactKey: Guid(38c958fb580484528a73019542034d0c) Importer(815301076,1909f56bfc062723c751e8b465ee728b)
Start importing Assets/Prefabs/Tree.prefab using Guid(38c958fb580484528a73019542034d0c) Importer(815301076,1909f56bfc062723c751e8b465ee728b)  -> (artifact id: 'd9c33a0ac9ff4b9f5dc3a664ed63a29d') in 0.017272 seconds 
  Import took 0.020536 seconds .

========================================================================
Received Import Request.
  Time since last request: 3.230823 seconds.
  path: Assets/Prefabs/Tree.prefab
  artifactKey: Guid(38c958fb580484528a73019542034d0c) Importer(815301076,1909f56bfc062723c751e8b465ee728b)
Start importing Assets/Prefabs/Tree.prefab using Guid(38c958fb580484528a73019542034d0c) Importer(815301076,1909f56bfc062723c751e8b465ee728b)  -> (artifact id: '1806a376ef75e09250a7716313fe1f6a') in 0.017526 seconds 
  Import took 0.020929 seconds .

========================================================================
Received Import Request.
  Time since last request: 2.121999 seconds.
  path: Assets/Prefabs/Tree.prefab
  artifactKey: Guid(38c958fb580484528a73019542034d0c) Importer(815301076,1909f56bfc062723c751e8b465ee728b)
Start importing Assets/Prefabs/Tree.prefab using Guid(38c958fb580484528a73019542034d0c) Importer(815301076,1909f56bfc062723c751e8b465ee728b)  -> (artifact id: '2fa333728056d62a916acc6d4cc74079') in 0.020739 seconds 
  Import took 0.024030 seconds .

========================================================================
Received Import Request.
  Time since last request: 4.546653 seconds.
  path: Assets/Prefabs/Tree.prefab
  artifactKey: Guid(38c958fb580484528a73019542034d0c) Importer(815301076,1909f56bfc062723c751e8b465ee728b)
Start importing Assets/Prefabs/Tree.prefab using Guid(38c958fb580484528a73019542034d0c) Importer(815301076,1909f56bfc062723c751e8b465ee728b)  -> (artifact id: '79c37da05b5231e859fa2c50275aa5de') in 0.017901 seconds 
  Import took 0.021389 seconds .

========================================================================
Received Import Request.
  Time since last request: 2.517502 seconds.
  path: Assets/Prefabs/Tree.prefab
  artifactKey: Guid(38c958fb580484528a73019542034d0c) Importer(815301076,1909f56bfc062723c751e8b465ee728b)
Start importing Assets/Prefabs/Tree.prefab using Guid(38c958fb580484528a73019542034d0c) Importer(815301076,1909f56bfc062723c751e8b465ee728b)  -> (artifact id: 'b8a501a9486cfa3efc2a55d801f4bd5e') in 0.017377 seconds 
  Import took 0.020744 seconds .

========================================================================
Received Import Request.
  Time since last request: 0.569726 seconds.
  path: Assets/Prefabs/Tree.prefab
  artifactKey: Guid(38c958fb580484528a73019542034d0c) Importer(815301076,1909f56bfc062723c751e8b465ee728b)
Start importing Assets/Prefabs/Tree.prefab using Guid(38c958fb580484528a73019542034d0c) Importer(815301076,1909f56bfc062723c751e8b465ee728b)  -> (artifact id: '95d39ae87752094fa0da9e467130ee70') in 0.018790 seconds 
  Import took 0.022233 seconds .

========================================================================
Received Import Request.
  Time since last request: 0.515403 seconds.
  path: Assets/Prefabs/Tree.prefab
  artifactKey: Guid(38c958fb580484528a73019542034d0c) Importer(815301076,1909f56bfc062723c751e8b465ee728b)
Start importing Assets/Prefabs/Tree.prefab using Guid(38c958fb580484528a73019542034d0c) Importer(815301076,1909f56bfc062723c751e8b465ee728b)  -> (artifact id: 'b39a0e44affb206383fb89c9fec33dce') in 0.020242 seconds 
  Import took 0.023860 seconds .

========================================================================
Received Import Request.
  Time since last request: 1.982576 seconds.
  path: Assets/Prefabs/Tree.prefab
  artifactKey: Guid(38c958fb580484528a73019542034d0c) Importer(815301076,1909f56bfc062723c751e8b465ee728b)
Start importing Assets/Prefabs/Tree.prefab using Guid(38c958fb580484528a73019542034d0c) Importer(815301076,1909f56bfc062723c751e8b465ee728b)  -> (artifact id: '7269e136015b8df63b1cdef365a9761e') in 0.019891 seconds 
  Import took 0.023273 seconds .

========================================================================
Received Import Request.
  Time since last request: 4.199981 seconds.
  path: Assets/Prefabs/Tree.prefab
  artifactKey: Guid(38c958fb580484528a73019542034d0c) Importer(815301076,1909f56bfc062723c751e8b465ee728b)
Start importing Assets/Prefabs/Tree.prefab using Guid(38c958fb580484528a73019542034d0c) Importer(815301076,1909f56bfc062723c751e8b465ee728b)  -> (artifact id: '4ce36b91b34b223d5cc3b352fc30f71a') in 0.018195 seconds 
  Import took 0.021774 seconds .

========================================================================
Received Import Request.
  Time since last request: 5.547313 seconds.
  path: Assets/Prefabs/Tree.prefab
  artifactKey: Guid(38c958fb580484528a73019542034d0c) Importer(815301076,1909f56bfc062723c751e8b465ee728b)
Start importing Assets/Prefabs/Tree.prefab using Guid(38c958fb580484528a73019542034d0c) Importer(815301076,1909f56bfc062723c751e8b465ee728b)  -> (artifact id: 'f7721ba96b4e251c3ccfb87d14d6355e') in 0.018955 seconds 
  Import took 0.022381 seconds .

========================================================================
Received Import Request.
  Time since last request: 5.809432 seconds.
  path: Assets/Prefabs/Tree.prefab
  artifactKey: Guid(38c958fb580484528a73019542034d0c) Importer(815301076,1909f56bfc062723c751e8b465ee728b)
Start importing Assets/Prefabs/Tree.prefab using Guid(38c958fb580484528a73019542034d0c) Importer(815301076,1909f56bfc062723c751e8b465ee728b)  -> (artifact id: 'ad0bc314e2b1658a16e07321004f43e9') in 0.019037 seconds 
  Import took 0.022345 seconds .

========================================================================
Received Import Request.
  Time since last request: 4.016635 seconds.
  path: Assets/Prefabs/Tree.prefab
  artifactKey: Guid(38c958fb580484528a73019542034d0c) Importer(815301076,1909f56bfc062723c751e8b465ee728b)
Start importing Assets/Prefabs/Tree.prefab using Guid(38c958fb580484528a73019542034d0c) Importer(815301076,1909f56bfc062723c751e8b465ee728b)  -> (artifact id: '6a830d34fd5334495ceeee2cf6fe002f') in 0.018624 seconds 
  Import took 0.022180 seconds .

========================================================================
Received Import Request.
  Time since last request: 3.274043 seconds.
  path: Assets/Prefabs/Tree.prefab
  artifactKey: Guid(38c958fb580484528a73019542034d0c) Importer(815301076,1909f56bfc062723c751e8b465ee728b)
Start importing Assets/Prefabs/Tree.prefab using Guid(38c958fb580484528a73019542034d0c) Importer(815301076,1909f56bfc062723c751e8b465ee728b)  -> (artifact id: '3ba9b8f7d7c543e45c0fd87ce07886e1') in 0.018572 seconds 
  Import took 0.021906 seconds .

========================================================================
Received Import Request.
  Time since last request: 9.800055 seconds.
  path: Assets/Prefabs/Tree.prefab
  artifactKey: Guid(38c958fb580484528a73019542034d0c) Importer(815301076,1909f56bfc062723c751e8b465ee728b)
Start importing Assets/Prefabs/Tree.prefab using Guid(38c958fb580484528a73019542034d0c) Importer(815301076,1909f56bfc062723c751e8b465ee728b)  -> (artifact id: 'f076ee936a3612d3097d5368021f4f77') in 0.020803 seconds 
  Import took 0.024158 seconds .

========================================================================
Received Import Request.
  Time since last request: 72.415455 seconds.
  path: Assets/Prefabs/Tree.prefab
  artifactKey: Guid(38c958fb580484528a73019542034d0c) Importer(815301076,1909f56bfc062723c751e8b465ee728b)
Start importing Assets/Prefabs/Tree.prefab using Guid(38c958fb580484528a73019542034d0c) Importer(815301076,1909f56bfc062723c751e8b465ee728b)  -> (artifact id: '21eda017131f8d3b0ddfe33d5b455c9e') in 0.021226 seconds 
  Import took 0.024567 seconds .

========================================================================
Received Import Request.
  Time since last request: 56.497259 seconds.
  path: Assets/Prefabs/Tree.prefab
  artifactKey: Guid(38c958fb580484528a73019542034d0c) Importer(815301076,1909f56bfc062723c751e8b465ee728b)
Start importing Assets/Prefabs/Tree.prefab using Guid(38c958fb580484528a73019542034d0c) Importer(815301076,1909f56bfc062723c751e8b465ee728b)  -> (artifact id: '081dbf373070f9bb1fb8f58f88798139') in 0.046534 seconds 
  Import took 0.050531 seconds .

========================================================================
Received Import Request.
  Time since last request: 4.685350 seconds.
  path: Assets/Prefabs/Tree.prefab
  artifactKey: Guid(38c958fb580484528a73019542034d0c) Importer(815301076,1909f56bfc062723c751e8b465ee728b)
Start importing Assets/Prefabs/Tree.prefab using Guid(38c958fb580484528a73019542034d0c) Importer(815301076,1909f56bfc062723c751e8b465ee728b)  -> (artifact id: 'dc2a06e29d5462ed0528a810a16e7e01') in 0.018048 seconds 
  Import took 0.021512 seconds .

========================================================================
Received Import Request.
  Time since last request: 2.175186 seconds.
  path: Assets/Prefabs/Tree.prefab
  artifactKey: Guid(38c958fb580484528a73019542034d0c) Importer(815301076,1909f56bfc062723c751e8b465ee728b)
Start importing Assets/Prefabs/Tree.prefab using Guid(38c958fb580484528a73019542034d0c) Importer(815301076,1909f56bfc062723c751e8b465ee728b)  -> (artifact id: '05afb41d0d99f95d3e2af5ed036ff82c') in 0.020011 seconds 
  Import took 0.024364 seconds .

========================================================================
Received Import Request.
  Time since last request: 12.112786 seconds.
  path: Assets/Prefabs/Tree.prefab
  artifactKey: Guid(38c958fb580484528a73019542034d0c) Importer(815301076,1909f56bfc062723c751e8b465ee728b)
Start importing Assets/Prefabs/Tree.prefab using Guid(38c958fb580484528a73019542034d0c) Importer(815301076,1909f56bfc062723c751e8b465ee728b)  -> (artifact id: '063a0b25d351070f923a7da11de015da') in 0.017675 seconds 
  Import took 0.021540 seconds .

========================================================================
Received Import Request.
  Time since last request: 44.486677 seconds.
  path: Assets/Prefabs/Tree.prefab
  artifactKey: Guid(38c958fb580484528a73019542034d0c) Importer(815301076,1909f56bfc062723c751e8b465ee728b)
Start importing Assets/Prefabs/Tree.prefab using Guid(38c958fb580484528a73019542034d0c) Importer(815301076,1909f56bfc062723c751e8b465ee728b)  -> (artifact id: 'a22670a3e88b65c3426c67316e7aaa46') in 0.019006 seconds 
  Import took 0.022770 seconds .

========================================================================
Received Import Request.
  Time since last request: 17.159476 seconds.
  path: Assets/Prefabs/Tree.prefab
  artifactKey: Guid(38c958fb580484528a73019542034d0c) Importer(815301076,1909f56bfc062723c751e8b465ee728b)
Start importing Assets/Prefabs/Tree.prefab using Guid(38c958fb580484528a73019542034d0c) Importer(815301076,1909f56bfc062723c751e8b465ee728b)  -> (artifact id: 'afcc7b53416910ed008f91d5d6e2f798') in 0.019074 seconds 
  Import took 0.022366 seconds .

========================================================================
Received Import Request.
  Time since last request: 5.979473 seconds.
  path: Assets/Prefabs/Tree.prefab
  artifactKey: Guid(38c958fb580484528a73019542034d0c) Importer(815301076,1909f56bfc062723c751e8b465ee728b)
Start importing Assets/Prefabs/Tree.prefab using Guid(38c958fb580484528a73019542034d0c) Importer(815301076,1909f56bfc062723c751e8b465ee728b)  -> (artifact id: 'a35e60452a43b4cef36ca2b184aa867d') in 0.020961 seconds 
  Import took 0.024372 seconds .

========================================================================
Received Import Request.
  Time since last request: 3.240313 seconds.
  path: Assets/Prefabs/Tree.prefab
  artifactKey: Guid(38c958fb580484528a73019542034d0c) Importer(815301076,1909f56bfc062723c751e8b465ee728b)
Start importing Assets/Prefabs/Tree.prefab using Guid(38c958fb580484528a73019542034d0c) Importer(815301076,1909f56bfc062723c751e8b465ee728b)  -> (artifact id: '222c9e25cfe653228ac1a09ec156bf61') in 0.018470 seconds 
  Import took 0.022179 seconds .

========================================================================
Received Import Request.
  Time since last request: 8.039282 seconds.
  path: Assets/Prefabs/Tree.prefab
  artifactKey: Guid(38c958fb580484528a73019542034d0c) Importer(815301076,1909f56bfc062723c751e8b465ee728b)
Start importing Assets/Prefabs/Tree.prefab using Guid(38c958fb580484528a73019542034d0c) Importer(815301076,1909f56bfc062723c751e8b465ee728b)  -> (artifact id: 'fce7153c56db92f99d3c017a7d72b8d2') in 0.018048 seconds 
  Import took 0.021547 seconds .

========================================================================
Received Import Request.
  Time since last request: 11.714811 seconds.
  path: Assets/Prefabs/Tree.prefab
  artifactKey: Guid(38c958fb580484528a73019542034d0c) Importer(815301076,1909f56bfc062723c751e8b465ee728b)
Start importing Assets/Prefabs/Tree.prefab using Guid(38c958fb580484528a73019542034d0c) Importer(815301076,1909f56bfc062723c751e8b465ee728b)  -> (artifact id: '81c77babab6f28e11e687ddc96de3193') in 0.020916 seconds 
  Import took 0.024351 seconds .

========================================================================
Received Import Request.
  Time since last request: 1.568194 seconds.
  path: Assets/Prefabs/Tree.prefab
  artifactKey: Guid(38c958fb580484528a73019542034d0c) Importer(815301076,1909f56bfc062723c751e8b465ee728b)
Start importing Assets/Prefabs/Tree.prefab using Guid(38c958fb580484528a73019542034d0c) Importer(815301076,1909f56bfc062723c751e8b465ee728b)  -> (artifact id: 'c2ca46def732cb75b2806d99777a1770') in 0.018680 seconds 
  Import took 0.022093 seconds .

========================================================================
Received Import Request.
  Time since last request: 9.109077 seconds.
  path: Assets/Prefabs/Tree.prefab
  artifactKey: Guid(38c958fb580484528a73019542034d0c) Importer(815301076,1909f56bfc062723c751e8b465ee728b)
Start importing Assets/Prefabs/Tree.prefab using Guid(38c958fb580484528a73019542034d0c) Importer(815301076,1909f56bfc062723c751e8b465ee728b)  -> (artifact id: '280551e12eae4acd9ac9266fe6b59832') in 0.019804 seconds 
  Import took 0.023155 seconds .

========================================================================
Received Import Request.
  Time since last request: 2.890995 seconds.
  path: Assets/Prefabs/Tree.prefab
  artifactKey: Guid(38c958fb580484528a73019542034d0c) Importer(815301076,1909f56bfc062723c751e8b465ee728b)
Start importing Assets/Prefabs/Tree.prefab using Guid(38c958fb580484528a73019542034d0c) Importer(815301076,1909f56bfc062723c751e8b465ee728b)  -> (artifact id: '82267a9085d3a678db1b4d7be4fd0ff1') in 0.020159 seconds 
  Import took 0.023800 seconds .

========================================================================
Received Import Request.
  Time since last request: 1.435776 seconds.
  path: Assets/Prefabs/Tree.prefab
  artifactKey: Guid(38c958fb580484528a73019542034d0c) Importer(815301076,1909f56bfc062723c751e8b465ee728b)
Start importing Assets/Prefabs/Tree.prefab using Guid(38c958fb580484528a73019542034d0c) Importer(815301076,1909f56bfc062723c751e8b465ee728b)  -> (artifact id: '3262f13466b419cc74db27ea85ef9cdc') in 0.021651 seconds 
  Import took 0.025076 seconds .

========================================================================
Received Import Request.
  Time since last request: 4.897467 seconds.
  path: Assets/Prefabs/Tree.prefab
  artifactKey: Guid(38c958fb580484528a73019542034d0c) Importer(815301076,1909f56bfc062723c751e8b465ee728b)
Start importing Assets/Prefabs/Tree.prefab using Guid(38c958fb580484528a73019542034d0c) Importer(815301076,1909f56bfc062723c751e8b465ee728b)  -> (artifact id: '6d3405bad2b9b13956787241decd387c') in 0.018329 seconds 
  Import took 0.021752 seconds .

========================================================================
Received Import Request.
  Time since last request: 2.661811 seconds.
  path: Assets/Prefabs/Tree.prefab
  artifactKey: Guid(38c958fb580484528a73019542034d0c) Importer(815301076,1909f56bfc062723c751e8b465ee728b)
Start importing Assets/Prefabs/Tree.prefab using Guid(38c958fb580484528a73019542034d0c) Importer(815301076,1909f56bfc062723c751e8b465ee728b)  -> (artifact id: 'd70118eb691c3943e1ed13d060d230f8') in 0.021032 seconds 
  Import took 0.024544 seconds .

========================================================================
Received Import Request.
  Time since last request: 1.787836 seconds.
  path: Assets/Prefabs/Tree.prefab
  artifactKey: Guid(38c958fb580484528a73019542034d0c) Importer(815301076,1909f56bfc062723c751e8b465ee728b)
Start importing Assets/Prefabs/Tree.prefab using Guid(38c958fb580484528a73019542034d0c) Importer(815301076,1909f56bfc062723c751e8b465ee728b)  -> (artifact id: '99532127fd3a5233bb3f7b11589fbbd5') in 0.019549 seconds 
  Import took 0.022975 seconds .

========================================================================
Received Import Request.
  Time since last request: 0.615188 seconds.
  path: Assets/Prefabs/Tree.prefab
  artifactKey: Guid(38c958fb580484528a73019542034d0c) Importer(815301076,1909f56bfc062723c751e8b465ee728b)
Start importing Assets/Prefabs/Tree.prefab using Guid(38c958fb580484528a73019542034d0c) Importer(815301076,1909f56bfc062723c751e8b465ee728b)  -> (artifact id: 'b9fce3ab94c995d0307f532c45d16d6f') in 0.019690 seconds 
  Import took 0.023016 seconds .

========================================================================
Received Import Request.
  Time since last request: 0.729950 seconds.
  path: Assets/Prefabs/Tree.prefab
  artifactKey: Guid(38c958fb580484528a73019542034d0c) Importer(815301076,1909f56bfc062723c751e8b465ee728b)
Start importing Assets/Prefabs/Tree.prefab using Guid(38c958fb580484528a73019542034d0c) Importer(815301076,1909f56bfc062723c751e8b465ee728b)  -> (artifact id: '5903905818680dcf284b4e16fcfa0502') in 0.019038 seconds 
  Import took 0.022598 seconds .

========================================================================
Received Import Request.
  Time since last request: 0.585448 seconds.
  path: Assets/Prefabs/Tree.prefab
  artifactKey: Guid(38c958fb580484528a73019542034d0c) Importer(815301076,1909f56bfc062723c751e8b465ee728b)
Start importing Assets/Prefabs/Tree.prefab using Guid(38c958fb580484528a73019542034d0c) Importer(815301076,1909f56bfc062723c751e8b465ee728b)  -> (artifact id: 'f5e9926995179e460beb573dc3aa4990') in 0.019635 seconds 
  Import took 0.023313 seconds .

========================================================================
Received Import Request.
  Time since last request: 0.800369 seconds.
  path: Assets/Prefabs/Tree.prefab
  artifactKey: Guid(38c958fb580484528a73019542034d0c) Importer(815301076,1909f56bfc062723c751e8b465ee728b)
Start importing Assets/Prefabs/Tree.prefab using Guid(38c958fb580484528a73019542034d0c) Importer(815301076,1909f56bfc062723c751e8b465ee728b)  -> (artifact id: 'c512221571970e52b2d25fdcab7feabd') in 0.021173 seconds 
  Import took 0.024646 seconds .

========================================================================
Received Import Request.
  Time since last request: 3.135011 seconds.
  path: Assets/Prefabs/Tree.prefab
  artifactKey: Guid(38c958fb580484528a73019542034d0c) Importer(815301076,1909f56bfc062723c751e8b465ee728b)
Start importing Assets/Prefabs/Tree.prefab using Guid(38c958fb580484528a73019542034d0c) Importer(815301076,1909f56bfc062723c751e8b465ee728b)  -> (artifact id: 'de2641484f2086f3b042547baa35aaae') in 0.018301 seconds 
  Import took 0.021856 seconds .

========================================================================
Received Import Request.
  Time since last request: 0.617562 seconds.
  path: Assets/Prefabs/Tree.prefab
  artifactKey: Guid(38c958fb580484528a73019542034d0c) Importer(815301076,1909f56bfc062723c751e8b465ee728b)
Start importing Assets/Prefabs/Tree.prefab using Guid(38c958fb580484528a73019542034d0c) Importer(815301076,1909f56bfc062723c751e8b465ee728b)  -> (artifact id: '4a8b2c236924d114ebce1743dbf1289f') in 0.018446 seconds 
  Import took 0.022522 seconds .

========================================================================
Received Import Request.
  Time since last request: 1.121643 seconds.
  path: Assets/Prefabs/Tree.prefab
  artifactKey: Guid(38c958fb580484528a73019542034d0c) Importer(815301076,1909f56bfc062723c751e8b465ee728b)
Start importing Assets/Prefabs/Tree.prefab using Guid(38c958fb580484528a73019542034d0c) Importer(815301076,1909f56bfc062723c751e8b465ee728b)  -> (artifact id: 'c93edeafa0957aed9d1c55c0f3b8fc4d') in 0.019856 seconds 
  Import took 0.023571 seconds .

========================================================================
Received Import Request.
  Time since last request: 4.620698 seconds.
  path: Assets/Prefabs/Tree.prefab
  artifactKey: Guid(38c958fb580484528a73019542034d0c) Importer(815301076,1909f56bfc062723c751e8b465ee728b)
Start importing Assets/Prefabs/Tree.prefab using Guid(38c958fb580484528a73019542034d0c) Importer(815301076,1909f56bfc062723c751e8b465ee728b)  -> (artifact id: '372bb703be76feae3c186b04e0a9137a') in 0.020614 seconds 
  Import took 0.023915 seconds .

========================================================================
Received Import Request.
  Time since last request: 1.976208 seconds.
  path: Assets/Prefabs/Tree.prefab
  artifactKey: Guid(38c958fb580484528a73019542034d0c) Importer(815301076,1909f56bfc062723c751e8b465ee728b)
Start importing Assets/Prefabs/Tree.prefab using Guid(38c958fb580484528a73019542034d0c) Importer(815301076,1909f56bfc062723c751e8b465ee728b)  -> (artifact id: '523b3f7c27140747f0965aeed6f9cee5') in 0.018113 seconds 
  Import took 0.021520 seconds .

========================================================================
Received Import Request.
  Time since last request: 1.087308 seconds.
  path: Assets/Prefabs/Tree.prefab
  artifactKey: Guid(38c958fb580484528a73019542034d0c) Importer(815301076,1909f56bfc062723c751e8b465ee728b)
Start importing Assets/Prefabs/Tree.prefab using Guid(38c958fb580484528a73019542034d0c) Importer(815301076,1909f56bfc062723c751e8b465ee728b)  -> (artifact id: '961ba3e4265853f8543afc92ab746c5d') in 0.018410 seconds 
  Import took 0.021982 seconds .

========================================================================
Received Import Request.
  Time since last request: 14.682824 seconds.
  path: Assets/Prefabs/Tree.prefab
  artifactKey: Guid(38c958fb580484528a73019542034d0c) Importer(815301076,1909f56bfc062723c751e8b465ee728b)
Start importing Assets/Prefabs/Tree.prefab using Guid(38c958fb580484528a73019542034d0c) Importer(815301076,1909f56bfc062723c751e8b465ee728b)  -> (artifact id: 'fc59d829cd8cc2b8ef1d4cb8d703a0dc') in 0.019422 seconds 
  Import took 0.022853 seconds .

========================================================================
Received Import Request.
  Time since last request: 5.491733 seconds.
  path: Assets/Prefabs/Tree.prefab
  artifactKey: Guid(38c958fb580484528a73019542034d0c) Importer(815301076,1909f56bfc062723c751e8b465ee728b)
Start importing Assets/Prefabs/Tree.prefab using Guid(38c958fb580484528a73019542034d0c) Importer(815301076,1909f56bfc062723c751e8b465ee728b)  -> (artifact id: 'b9afbfe511a0b9b0924e81d14077c15a') in 0.018368 seconds 
  Import took 0.021730 seconds .

========================================================================
Received Import Request.
  Time since last request: 1.418908 seconds.
  path: Assets/Prefabs/Tree.prefab
  artifactKey: Guid(38c958fb580484528a73019542034d0c) Importer(815301076,1909f56bfc062723c751e8b465ee728b)
Start importing Assets/Prefabs/Tree.prefab using Guid(38c958fb580484528a73019542034d0c) Importer(815301076,1909f56bfc062723c751e8b465ee728b)  -> (artifact id: '5fa462494a3f9a4f8f46d459ac29b066') in 0.018093 seconds 
  Import took 0.021578 seconds .

========================================================================
Received Import Request.
  Time since last request: 1.249997 seconds.
  path: Assets/Prefabs/Tree.prefab
  artifactKey: Guid(38c958fb580484528a73019542034d0c) Importer(815301076,1909f56bfc062723c751e8b465ee728b)
Start importing Assets/Prefabs/Tree.prefab using Guid(38c958fb580484528a73019542034d0c) Importer(815301076,1909f56bfc062723c751e8b465ee728b)  -> (artifact id: '00e5b0c148cc7bb7483db8ad57572fe4') in 0.018196 seconds 
  Import took 0.021944 seconds .

========================================================================
Received Import Request.
  Time since last request: 9.294985 seconds.
  path: Assets/Prefabs/Tree.prefab
  artifactKey: Guid(38c958fb580484528a73019542034d0c) Importer(815301076,1909f56bfc062723c751e8b465ee728b)
Start importing Assets/Prefabs/Tree.prefab using Guid(38c958fb580484528a73019542034d0c) Importer(815301076,1909f56bfc062723c751e8b465ee728b)  -> (artifact id: 'a6668cc135d367c29b9f0d1e5b4cdc86') in 0.021473 seconds 
  Import took 0.024995 seconds .

========================================================================
Received Import Request.
  Time since last request: 1.525671 seconds.
  path: Assets/Prefabs/Tree.prefab
  artifactKey: Guid(38c958fb580484528a73019542034d0c) Importer(815301076,1909f56bfc062723c751e8b465ee728b)
Start importing Assets/Prefabs/Tree.prefab using Guid(38c958fb580484528a73019542034d0c) Importer(815301076,1909f56bfc062723c751e8b465ee728b)  -> (artifact id: 'b6f123199412690f97a2ac1e34380277') in 0.018611 seconds 
  Import took 0.021992 seconds .

========================================================================
Received Import Request.
  Time since last request: 0.562442 seconds.
  path: Assets/Prefabs/Tree.prefab
  artifactKey: Guid(38c958fb580484528a73019542034d0c) Importer(815301076,1909f56bfc062723c751e8b465ee728b)
Start importing Assets/Prefabs/Tree.prefab using Guid(38c958fb580484528a73019542034d0c) Importer(815301076,1909f56bfc062723c751e8b465ee728b)  -> (artifact id: '7a4ec707c65530b23b78651af21f4f1e') in 0.018724 seconds 
  Import took 0.022254 seconds .

========================================================================
Received Import Request.
  Time since last request: 5.382208 seconds.
  path: Assets/Prefabs/Tree.prefab
  artifactKey: Guid(38c958fb580484528a73019542034d0c) Importer(815301076,1909f56bfc062723c751e8b465ee728b)
Start importing Assets/Prefabs/Tree.prefab using Guid(38c958fb580484528a73019542034d0c) Importer(815301076,1909f56bfc062723c751e8b465ee728b)  -> (artifact id: 'c74951db2492034efea7041512973e71') in 0.019674 seconds 
  Import took 0.023338 seconds .

========================================================================
Received Import Request.
  Time since last request: 0.891562 seconds.
  path: Assets/Prefabs/Tree.prefab
  artifactKey: Guid(38c958fb580484528a73019542034d0c) Importer(815301076,1909f56bfc062723c751e8b465ee728b)
Start importing Assets/Prefabs/Tree.prefab using Guid(38c958fb580484528a73019542034d0c) Importer(815301076,1909f56bfc062723c751e8b465ee728b)  -> (artifact id: 'b913cd339fc233a82502b57b276e0a40') in 0.020746 seconds 
  Import took 0.023996 seconds .

========================================================================
Received Import Request.
  Time since last request: 20.457553 seconds.
  path: Assets/Prefabs/Tree.prefab
  artifactKey: Guid(38c958fb580484528a73019542034d0c) Importer(815301076,1909f56bfc062723c751e8b465ee728b)
Start importing Assets/Prefabs/Tree.prefab using Guid(38c958fb580484528a73019542034d0c) Importer(815301076,1909f56bfc062723c751e8b465ee728b)  -> (artifact id: 'dd0c51c89938801249ec0aeb4c136aa0') in 0.019274 seconds 
  Import took 0.022602 seconds .

========================================================================
Received Import Request.
  Time since last request: 6.875347 seconds.
  path: Assets/Prefabs/Tree.prefab
  artifactKey: Guid(38c958fb580484528a73019542034d0c) Importer(815301076,1909f56bfc062723c751e8b465ee728b)
Start importing Assets/Prefabs/Tree.prefab using Guid(38c958fb580484528a73019542034d0c) Importer(815301076,1909f56bfc062723c751e8b465ee728b)  -> (artifact id: 'bc9af35807ab0ab532990159d1ce9fdf') in 0.018586 seconds 
  Import took 0.022120 seconds .

========================================================================
Received Import Request.
  Time since last request: 3.249473 seconds.
  path: Assets/Prefabs/Tree.prefab
  artifactKey: Guid(38c958fb580484528a73019542034d0c) Importer(815301076,1909f56bfc062723c751e8b465ee728b)
Start importing Assets/Prefabs/Tree.prefab using Guid(38c958fb580484528a73019542034d0c) Importer(815301076,1909f56bfc062723c751e8b465ee728b)  -> (artifact id: 'a8669c65ef1b4b8e294968ac13bab8be') in 0.017835 seconds 
  Import took 0.021213 seconds .

========================================================================
Received Import Request.
  Time since last request: 41.707324 seconds.
  path: Assets/Prefabs/Tree.prefab
  artifactKey: Guid(38c958fb580484528a73019542034d0c) Importer(815301076,1909f56bfc062723c751e8b465ee728b)
Start importing Assets/Prefabs/Tree.prefab using Guid(38c958fb580484528a73019542034d0c) Importer(815301076,1909f56bfc062723c751e8b465ee728b)  -> (artifact id: 'cbba6335f7c58496e699df28a71d2c66') in 0.029516 seconds 
  Import took 0.033062 seconds .

========================================================================
Received Import Request.
  Time since last request: 4.536395 seconds.
  path: Assets/Prefabs/Tree.prefab
  artifactKey: Guid(38c958fb580484528a73019542034d0c) Importer(815301076,1909f56bfc062723c751e8b465ee728b)
Start importing Assets/Prefabs/Tree.prefab using Guid(38c958fb580484528a73019542034d0c) Importer(815301076,1909f56bfc062723c751e8b465ee728b)  -> (artifact id: '200e80a31e4874d5beaf4b13b7589c42') in 0.017929 seconds 
  Import took 0.021257 seconds .

========================================================================
Received Import Request.
  Time since last request: 7.537827 seconds.
  path: Assets/Prefabs/Tree.prefab
  artifactKey: Guid(38c958fb580484528a73019542034d0c) Importer(815301076,1909f56bfc062723c751e8b465ee728b)
Start importing Assets/Prefabs/Tree.prefab using Guid(38c958fb580484528a73019542034d0c) Importer(815301076,1909f56bfc062723c751e8b465ee728b)  -> (artifact id: '1d2900c4e853c1a08bcbde2871e3559f') in 0.029248 seconds 
  Import took 0.032953 seconds .

========================================================================
Received Import Request.
  Time since last request: 7.613955 seconds.
  path: Assets/Prefabs/Tree.prefab
  artifactKey: Guid(38c958fb580484528a73019542034d0c) Importer(815301076,1909f56bfc062723c751e8b465ee728b)
Start importing Assets/Prefabs/Tree.prefab using Guid(38c958fb580484528a73019542034d0c) Importer(815301076,1909f56bfc062723c751e8b465ee728b)  -> (artifact id: '31c25ce8374e1eda156fdf182696ebaa') in 0.020279 seconds 
  Import took 0.023702 seconds .

========================================================================
Received Import Request.
  Time since last request: 8.246454 seconds.
  path: Assets/Prefabs/Tree.prefab
  artifactKey: Guid(38c958fb580484528a73019542034d0c) Importer(815301076,1909f56bfc062723c751e8b465ee728b)
Start importing Assets/Prefabs/Tree.prefab using Guid(38c958fb580484528a73019542034d0c) Importer(815301076,1909f56bfc062723c751e8b465ee728b)  -> (artifact id: '76fedf43ef80b4f51a314688c62b4072') in 0.020127 seconds 
  Import took 0.023570 seconds .

========================================================================
Received Import Request.
  Time since last request: 3.145839 seconds.
  path: Assets/Prefabs/Tree.prefab
  artifactKey: Guid(38c958fb580484528a73019542034d0c) Importer(815301076,1909f56bfc062723c751e8b465ee728b)
Start importing Assets/Prefabs/Tree.prefab using Guid(38c958fb580484528a73019542034d0c) Importer(815301076,1909f56bfc062723c751e8b465ee728b)  -> (artifact id: '8f06d0d01c286476cc609ed5e2ffa3db') in 0.019058 seconds 
  Import took 0.022421 seconds .

========================================================================
Received Import Request.
  Time since last request: 8.071181 seconds.
  path: Assets/Prefabs/Tree.prefab
  artifactKey: Guid(38c958fb580484528a73019542034d0c) Importer(815301076,1909f56bfc062723c751e8b465ee728b)
Start importing Assets/Prefabs/Tree.prefab using Guid(38c958fb580484528a73019542034d0c) Importer(815301076,1909f56bfc062723c751e8b465ee728b)  -> (artifact id: '893bd5645cc3760147b0aa226ce7a9ad') in 0.018234 seconds 
  Import took 0.021770 seconds .

========================================================================
Received Import Request.
  Time since last request: 48.301190 seconds.
  path: Assets/Prefabs/Tree.prefab
  artifactKey: Guid(38c958fb580484528a73019542034d0c) Importer(815301076,1909f56bfc062723c751e8b465ee728b)
Start importing Assets/Prefabs/Tree.prefab using Guid(38c958fb580484528a73019542034d0c) Importer(815301076,1909f56bfc062723c751e8b465ee728b)  -> (artifact id: '87eb8d4cb006a41075971235afc362a9') in 0.022715 seconds 
  Import took 0.026195 seconds .

========================================================================
Received Import Request.
  Time since last request: 7.383770 seconds.
  path: Assets/Prefabs/Tree.prefab
  artifactKey: Guid(38c958fb580484528a73019542034d0c) Importer(815301076,1909f56bfc062723c751e8b465ee728b)
Start importing Assets/Prefabs/Tree.prefab using Guid(38c958fb580484528a73019542034d0c) Importer(815301076,1909f56bfc062723c751e8b465ee728b)  -> (artifact id: 'b64a092dcc68fb12b348248bd50576a2') in 0.019572 seconds 
  Import took 0.022977 seconds .

========================================================================
Received Import Request.
  Time since last request: 9.618601 seconds.
  path: Assets/Prefabs/Tree.prefab
  artifactKey: Guid(38c958fb580484528a73019542034d0c) Importer(815301076,1909f56bfc062723c751e8b465ee728b)
Start importing Assets/Prefabs/Tree.prefab using Guid(38c958fb580484528a73019542034d0c) Importer(815301076,1909f56bfc062723c751e8b465ee728b)  -> (artifact id: 'fb5391911baaad5f7c6b2cc6cf64e156') in 0.018820 seconds 
  Import took 0.022718 seconds .

========================================================================
Received Import Request.
  Time since last request: 1.771279 seconds.
  path: Assets/Prefabs/Tree.prefab
  artifactKey: Guid(38c958fb580484528a73019542034d0c) Importer(815301076,1909f56bfc062723c751e8b465ee728b)
Start importing Assets/Prefabs/Tree.prefab using Guid(38c958fb580484528a73019542034d0c) Importer(815301076,1909f56bfc062723c751e8b465ee728b)  -> (artifact id: '46003c3c914181066ef45c5e59b5874e') in 0.018414 seconds 
  Import took 0.021875 seconds .

========================================================================
Received Import Request.
  Time since last request: 1.792689 seconds.
  path: Assets/Prefabs/Tree.prefab
  artifactKey: Guid(38c958fb580484528a73019542034d0c) Importer(815301076,1909f56bfc062723c751e8b465ee728b)
Start importing Assets/Prefabs/Tree.prefab using Guid(38c958fb580484528a73019542034d0c) Importer(815301076,1909f56bfc062723c751e8b465ee728b)  -> (artifact id: 'ada1f5b7f4130a9aa2eb42fc2baf1b43') in 0.020418 seconds 
  Import took 0.023716 seconds .

========================================================================
Received Import Request.
  Time since last request: 2.651828 seconds.
  path: Assets/Prefabs/Tree.prefab
  artifactKey: Guid(38c958fb580484528a73019542034d0c) Importer(815301076,1909f56bfc062723c751e8b465ee728b)
Start importing Assets/Prefabs/Tree.prefab using Guid(38c958fb580484528a73019542034d0c) Importer(815301076,1909f56bfc062723c751e8b465ee728b)  -> (artifact id: '3e64eeead3d2dde92a847afc28addc90') in 0.019336 seconds 
  Import took 0.022994 seconds .

========================================================================
Received Import Request.
  Time since last request: 11.552014 seconds.
  path: Assets/Prefabs/Tree.prefab
  artifactKey: Guid(38c958fb580484528a73019542034d0c) Importer(815301076,1909f56bfc062723c751e8b465ee728b)
Start importing Assets/Prefabs/Tree.prefab using Guid(38c958fb580484528a73019542034d0c) Importer(815301076,1909f56bfc062723c751e8b465ee728b)  -> (artifact id: '5d072adc9d035c9426ca24235e240dfb') in 0.020475 seconds 
  Import took 0.024098 seconds .

========================================================================
Received Import Request.
  Time since last request: 3.080258 seconds.
  path: Assets/Prefabs/Tree.prefab
  artifactKey: Guid(38c958fb580484528a73019542034d0c) Importer(815301076,1909f56bfc062723c751e8b465ee728b)
Start importing Assets/Prefabs/Tree.prefab using Guid(38c958fb580484528a73019542034d0c) Importer(815301076,1909f56bfc062723c751e8b465ee728b)  -> (artifact id: '8736c92da3188ca1fca31d5052966c29') in 0.021233 seconds 
  Import took 0.025048 seconds .

========================================================================
Received Import Request.
  Time since last request: 7.293773 seconds.
  path: Assets/Prefabs/Tree.prefab
  artifactKey: Guid(38c958fb580484528a73019542034d0c) Importer(815301076,1909f56bfc062723c751e8b465ee728b)
Start importing Assets/Prefabs/Tree.prefab using Guid(38c958fb580484528a73019542034d0c) Importer(815301076,1909f56bfc062723c751e8b465ee728b)  -> (artifact id: '630cea5a9604768dc0f1c91b0cfe2178') in 0.018400 seconds 
  Import took 0.021656 seconds .

========================================================================
Received Import Request.
  Time since last request: 2.326645 seconds.
  path: Assets/Prefabs/Tree.prefab
  artifactKey: Guid(38c958fb580484528a73019542034d0c) Importer(815301076,1909f56bfc062723c751e8b465ee728b)
Start importing Assets/Prefabs/Tree.prefab using Guid(38c958fb580484528a73019542034d0c) Importer(815301076,1909f56bfc062723c751e8b465ee728b)  -> (artifact id: 'ddedb5f968ac154dfce7159244b46e3d') in 0.019005 seconds 
  Import took 0.022568 seconds .

========================================================================
Received Import Request.
  Time since last request: 4.044752 seconds.
  path: Assets/Prefabs/Tree.prefab
  artifactKey: Guid(38c958fb580484528a73019542034d0c) Importer(815301076,1909f56bfc062723c751e8b465ee728b)
Start importing Assets/Prefabs/Tree.prefab using Guid(38c958fb580484528a73019542034d0c) Importer(815301076,1909f56bfc062723c751e8b465ee728b)  -> (artifact id: '796f75180caa41f29d5a95a69b6b3893') in 0.018672 seconds 
  Import took 0.022888 seconds .

========================================================================
Received Import Request.
  Time since last request: 3.155243 seconds.
  path: Assets/Prefabs/Tree.prefab
  artifactKey: Guid(38c958fb580484528a73019542034d0c) Importer(815301076,1909f56bfc062723c751e8b465ee728b)
Start importing Assets/Prefabs/Tree.prefab using Guid(38c958fb580484528a73019542034d0c) Importer(815301076,1909f56bfc062723c751e8b465ee728b)  -> (artifact id: '1b132988d01db3c72503d41bb3da44bb') in 0.019264 seconds 
  Import took 0.022628 seconds .

========================================================================
Received Import Request.
  Time since last request: 3.319142 seconds.
  path: Assets/Prefabs/Tree.prefab
  artifactKey: Guid(38c958fb580484528a73019542034d0c) Importer(815301076,1909f56bfc062723c751e8b465ee728b)
Start importing Assets/Prefabs/Tree.prefab using Guid(38c958fb580484528a73019542034d0c) Importer(815301076,1909f56bfc062723c751e8b465ee728b)  -> (artifact id: '9bdf82b7223bea480bd72916253d5921') in 0.018335 seconds 
  Import took 0.021680 seconds .

========================================================================
Received Import Request.
  Time since last request: 3.333672 seconds.
  path: Assets/Prefabs/Tree.prefab
  artifactKey: Guid(38c958fb580484528a73019542034d0c) Importer(815301076,1909f56bfc062723c751e8b465ee728b)
Start importing Assets/Prefabs/Tree.prefab using Guid(38c958fb580484528a73019542034d0c) Importer(815301076,1909f56bfc062723c751e8b465ee728b)  -> (artifact id: 'c2f3b8dc0813092e2bb2b6c1d816cc72') in 0.020527 seconds 
  Import took 0.023905 seconds .

========================================================================
Received Import Request.
  Time since last request: 3.589774 seconds.
  path: Assets/Prefabs/Tree.prefab
  artifactKey: Guid(38c958fb580484528a73019542034d0c) Importer(815301076,1909f56bfc062723c751e8b465ee728b)
Start importing Assets/Prefabs/Tree.prefab using Guid(38c958fb580484528a73019542034d0c) Importer(815301076,1909f56bfc062723c751e8b465ee728b)  -> (artifact id: 'd782175e8edc5a35be4c9a4cd6e6c1f0') in 0.022553 seconds 
  Import took 0.025902 seconds .

========================================================================
Received Import Request.
  Time since last request: 15.838771 seconds.
  path: Assets/materials/Leaves.mat
  artifactKey: Guid(286eaa9e61db745f4b69d73e87829a52) Importer(815301076,1909f56bfc062723c751e8b465ee728b)
Start importing Assets/materials/Leaves.mat using Guid(286eaa9e61db745f4b69d73e87829a52) Importer(815301076,1909f56bfc062723c751e8b465ee728b)  -> (artifact id: '020080e6bf4df958f27b560c8afd8077') in 0.008713 seconds 
  Import took 0.012397 seconds .

========================================================================
Received Import Request.
  Time since last request: 119.169982 seconds.
  path: Assets/Scenes
  artifactKey: Guid(6c7d997c9f16f4321950651832a11d31) Importer(815301076,1909f56bfc062723c751e8b465ee728b)
Start importing Assets/Scenes using Guid(6c7d997c9f16f4321950651832a11d31) Importer(815301076,1909f56bfc062723c751e8b465ee728b)  -> (artifact id: '7770d78fc1f0c2db992118f4d65c4b51') in 0.000998 seconds 
  Import took 0.004538 seconds .

========================================================================
Received Import Request.
  Time since last request: 1053.196991 seconds.
  path: Assets/Prefabs/Tree.prefab
  artifactKey: Guid(38c958fb580484528a73019542034d0c) Importer(815301076,1909f56bfc062723c751e8b465ee728b)
Start importing Assets/Prefabs/Tree.prefab using Guid(38c958fb580484528a73019542034d0c) Importer(815301076,1909f56bfc062723c751e8b465ee728b)  -> (artifact id: '5977425af910d3048f3659c4963a685d') in 0.118501 seconds 
  Import took 0.122650 seconds .

========================================================================
Received Import Request.
  Time since last request: 413.509801 seconds.
  path: Assets/Prefabs/Tree.prefab
  artifactKey: Guid(38c958fb580484528a73019542034d0c) Importer(815301076,1909f56bfc062723c751e8b465ee728b)
Start importing Assets/Prefabs/Tree.prefab using Guid(38c958fb580484528a73019542034d0c) Importer(815301076,1909f56bfc062723c751e8b465ee728b)  -> (artifact id: '15f894ab43ea54a44f4e1f63fcc536ab') in 0.021775 seconds 
  Import took 0.025866 seconds .

========================================================================
Received Import Request.
  Time since last request: 42.317847 seconds.
  path: Assets/Prefabs/Tree_Textures
  artifactKey: Guid(fa89fbcebd119475e8348a004d91d411) Importer(815301076,1909f56bfc062723c751e8b465ee728b)
Start importing Assets/Prefabs/Tree_Textures using Guid(fa89fbcebd119475e8348a004d91d411) Importer(815301076,1909f56bfc062723c751e8b465ee728b)  -> (artifact id: '72ce13f7b70c41bb35d450f075b9cfba') in 0.001092 seconds 
  Import took 0.004154 seconds .

========================================================================
Received Prepare
Registering precompiled user dll's ...
Registered in 0.003934 seconds.
Begin MonoManager ReloadAssembly
Native extension for OSXStandalone target not found
Refreshing native plugins compatible for Editor in 0.68 ms, found 2 plugins.
Preloading 0 native plugins for Editor in 0.00 ms.
Mono: successfully reloaded assembly
- Completed reload, in  1.093 seconds
Domain Reload Profiling:
	ReloadAssembly (1093ms)
		BeginReloadAssembly (119ms)
			ExecutionOrderSort (0ms)
			DisableScriptedObjects (5ms)
			BackupInstance (0ms)
			ReleaseScriptingObjects (0ms)
			CreateAndSetChildDomain (59ms)
		EndReloadAssembly (916ms)
			LoadAssemblies (68ms)
			RebuildTransferFunctionScriptingTraits (0ms)
			SetupTypeCache (312ms)
			ReleaseScriptCaches (1ms)
			RebuildScriptCaches (53ms)
			SetupLoadedEditorAssemblies (373ms)
				LogAssemblyErrors (0ms)
				InitializePlatformSupportModulesInManaged (4ms)
				SetLoadedEditorAssemblies (0ms)
				RefreshPlugins (1ms)
				BeforeProcessingInitializeOnLoad (109ms)
				ProcessInitializeOnLoadAttributes (218ms)
				ProcessInitializeOnLoadMethodAttributes (39ms)
				AfterProcessingInitializeOnLoad (1ms)
				EditorAssembliesLoaded (0ms)
			ExecutionOrderSort2 (0ms)
			AwakeInstancesAfterBackupRestoration (7ms)
Platform modules already initialized, skipping
Refreshing native plugins compatible for Editor in 0.62 ms, found 2 plugins.
Preloading 0 native plugins for Editor in 0.00 ms.
Unloading 2588 Unused Serialized files (Serialized files now loaded: 0)
System memory in use before: 241.6 MB.
System memory in use after: 239.4 MB.

Unloading 76 unused Assets to reduce memory usage. Loaded Objects now: 3069.
Total: 6.318278 ms (FindLiveObjects: 0.181341 ms CreateObjectMapping: 0.104020 ms MarkObjects: 4.490651 ms  DeleteObjects: 1.541475 ms)

AssetImportParameters requested are different than current active one (requested -> active):
  custom:video-decoder-ogg-theora: a1e56fd34408186e4bbccfd4996cb3dc -> 
  custom:container-muxer-webm: aa71ff27fc2769a1b78a27578f13a17b -> 
  custom:container-demuxer-webm: 4f35f7cbe854078d1ac9338744f61a02 -> 
  custom:container-demuxer-ogg: 62fdf1f143b41e24485cea50d1cbac27 -> 
  custom:video-encoder-webm-vp8: eb34c28f22e8b96e1ab97ce403110664 -> 
  custom:framework-osx-AVFoundation: e770b220cccbd017edd2c1fefb359320 -> 
  custom:video-decoder-webm-vp8: 9c59270c3fd7afecdb556c50c9e8de78 -> 
  custom:audio-decoder-ogg-vorbis: bf7c407c2cedff20999df2af8eb42d56 -> 
  custom:audio-encoder-webm-vorbis: bf7c407c2cedff20999df2af8eb42d56 -> 
AssetImportWorkerClient::OnTransportError - code=2 error=End of file
